{"meta": {"format": 3, "version": "7.10.7", "timestamp": "2025-11-26T19:45:54.122467", "branch_coverage": false, "show_contexts": false}, "files": {"src/agents/feedback_agent.py": {"executed_lines": [1, 8, 9, 10, 11, 12, 13, 16, 17, 18, 21, 22, 27, 29, 31, 33, 34, 35, 37, 59, 60, 63, 64, 67, 76, 77, 79, 80, 83, 84, 85, 86, 88, 91, 99, 106, 107, 110, 122, 124, 125, 128, 138, 140, 143, 144, 145, 147, 149, 152, 154, 164, 167, 175, 183, 204, 205, 206, 207, 208, 209, 210, 211, 212, 213, 214, 216, 218, 250, 252, 254, 255, 256, 257, 258, 259, 261, 263, 265, 266, 267, 268, 269, 271, 272, 274, 277], "summary": {"covered_lines": 85, "num_statements": 93, "percent_covered": 91.39784946236558, "percent_covered_display": "91", "missing_lines": 8, "excluded_lines": 0}, "missing_lines": [119, 120, 146, 148, 150, 270, 288, 289], "excluded_lines": [], "functions": {"FeedbackAgent.__init__": {"executed_lines": [29, 31, 33, 34, 35], "summary": {"covered_lines": 5, "num_statements": 5, "percent_covered": 100.0, "percent_covered_display": "100", "missing_lines": 0, "excluded_lines": 0}, "missing_lines": [], "excluded_lines": []}, "FeedbackAgent.create_feedback_report": {"executed_lines": [59, 60, 63, 64, 67, 76, 77, 79, 80, 83, 84, 85, 86, 88, 91, 99, 106, 107, 110, 122, 124, 125, 128], "summary": {"covered_lines": 23, "num_statements": 25, "percent_covered": 92.0, "percent_covered_display": "92", "missing_lines": 2, "excluded_lines": 0}, "missing_lines": [119, 120], "excluded_lines": []}, "FeedbackAgent._detect_feedback_type": {"executed_lines": [140, 143, 144, 145, 147, 149, 152], "summary": {"covered_lines": 7, "num_statements": 10, "percent_covered": 70.0, "percent_covered_display": "70", "missing_lines": 3, "excluded_lines": 0}, "missing_lines": [146, 148, 150], "excluded_lines": []}, "FeedbackAgent._build_report_structure": {"executed_lines": [164, 167, 175, 183, 204, 205, 206, 207, 208, 209, 210, 211, 212, 213, 214, 216, 218, 250], "summary": {"covered_lines": 18, "num_statements": 18, "percent_covered": 100.0, "percent_covered_display": "100", "missing_lines": 0, "excluded_lines": 0}, "missing_lines": [], "excluded_lines": []}, "FeedbackAgent._determine_priority": {"executed_lines": [254, 255, 256, 257, 258, 259, 261], "summary": {"covered_lines": 7, "num_statements": 7, "percent_covered": 100.0, "percent_covered_display": "100", "missing_lines": 0, "excluded_lines": 0}, "missing_lines": [], "excluded_lines": []}, "FeedbackAgent._estimate_impact": {"executed_lines": [265, 266, 267, 268, 269, 271, 272, 274], "summary": {"covered_lines": 8, "num_statements": 9, "percent_covered": 88.88888888888889, "percent_covered_display": "89", "missing_lines": 1, "excluded_lines": 0}, "missing_lines": [270], "excluded_lines": []}, "handle_feedback_command": {"executed_lines": [], "summary": {"covered_lines": 0, "num_statements": 2, "percent_covered": 0.0, "percent_covered_display": "0", "missing_lines": 2, "excluded_lines": 0}, "missing_lines": [288, 289], "excluded_lines": []}, "": {"executed_lines": [1, 8, 9, 10, 11, 12, 13, 16, 17, 18, 21, 22, 27, 37, 138, 154, 252, 263, 277], "summary": {"covered_lines": 17, "num_statements": 17, "percent_covered": 100.0, "percent_covered_display": "100", "missing_lines": 0, "excluded_lines": 0}, "missing_lines": [], "excluded_lines": []}}, "classes": {"FeedbackAgent": {"executed_lines": [29, 31, 33, 34, 35, 59, 60, 63, 64, 67, 76, 77, 79, 80, 83, 84, 85, 86, 88, 91, 99, 106, 107, 110, 122, 124, 125, 128, 140, 143, 144, 145, 147, 149, 152, 164, 167, 175, 183, 204, 205, 206, 207, 208, 209, 210, 211, 212, 213, 214, 216, 218, 250, 254, 255, 256, 257, 258, 259, 261, 265, 266, 267, 268, 269, 271, 272, 274], "summary": {"covered_lines": 68, "num_statements": 74, "percent_covered": 91.89189189189189, "percent_covered_display": "92", "missing_lines": 6, "excluded_lines": 0}, "missing_lines": [119, 120, 146, 148, 150, 270], "excluded_lines": []}, "": {"executed_lines": [1, 8, 9, 10, 11, 12, 13, 16, 17, 18, 21, 22, 27, 37, 138, 154, 252, 263, 277], "summary": {"covered_lines": 17, "num_statements": 19, "percent_covered": 89.47368421052632, "percent_covered_display": "89", "missing_lines": 2, "excluded_lines": 0}, "missing_lines": [288, 289], "excluded_lines": []}}}}, "totals": {"covered_lines": 85, "num_statements": 93, "percent_covered": 91.39784946236558, "percent_covered_display": "91", "missing_lines": 8, "excluded_lines": 0}}