============================= test session starts =============================
platform win32 -- Python 3.13.7, pytest-9.0.1, pluggy-1.6.0 -- C:\Users\asifh\AppData\Local\Programs\Python\Python313\python.exe
cachedir: .pytest_cache
rootdir: D:\PROJECTS\CORTEX
configfile: pytest.ini
plugins: anyio-4.12.0, asyncio-1.3.0, cov-7.0.0
asyncio: mode=Mode.AUTO, debug=False, asyncio_default_fixture_loop_scope=function, asyncio_default_test_loop_scope=function
collecting ... collected 94 items

tests/orchestrators/maintenance/test_maintenance_orchestrator_v3.py::TestPhaseInitialization::test_init_with_valid_cortex_root 
-------------------------------- live log call --------------------------------
2025-12-24 07:56:33 [    INFO] \U0001f3ad Orchestrator initialized: maintenance_v3\n2025-12-24 07:56:33 [    INFO] \U0001f3ad Maintenance Orchestrator v3.0 initialized\nPASSED
tests/orchestrators/maintenance/test_maintenance_orchestrator_v3.py::TestPhaseInitialization::test_init_with_custom_logger 
-------------------------------- live log call --------------------------------
2025-12-24 07:56:33 [    INFO] \U0001f3ad Orchestrator initialized: maintenance_v3\n2025-12-24 07:56:33 [    INFO] \U0001f3ad Maintenance Orchestrator v3.0 initialized\nPASSED
tests/orchestrators/maintenance/test_maintenance_orchestrator_v3.py::TestPhaseInitialization::test_init_with_config 
-------------------------------- live log call --------------------------------
2025-12-24 07:56:33 [    INFO] \U0001f3ad Orchestrator initialized: maintenance_v3\n2025-12-24 07:56:33 [    INFO] \U0001f3ad Maintenance Orchestrator v3.0 initialized\nPASSED
tests/orchestrators/maintenance/test_maintenance_orchestrator_v3.py::TestPhaseInitialization::test_setup_validates_cortex_root 
------------------------------- live log setup --------------------------------
2025-12-24 07:56:33 [    INFO] \U0001f3ad Orchestrator initialized: maintenance_v3\n2025-12-24 07:56:33 [    INFO] \U0001f3ad Maintenance Orchestrator v3.0 initialized\n-------------------------------- live log call --------------------------------
2025-12-24 07:56:33 [    INFO] Setting up maintenance orchestrator...
PASSED
tests/orchestrators/maintenance/test_maintenance_orchestrator_v3.py::TestPhaseInitialization::test_register_phases_creates_7_phases 
------------------------------- live log setup --------------------------------
2025-12-24 07:56:33 [    INFO] \U0001f3ad Orchestrator initialized: maintenance_v3\n2025-12-24 07:56:33 [    INFO] \U0001f3ad Maintenance Orchestrator v3.0 initialized\n-------------------------------- live log call --------------------------------
2025-12-24 07:56:33 [    INFO] Registered 7 maintenance phases
PASSED
tests/orchestrators/maintenance/test_maintenance_orchestrator_v3.py::TestPhaseInitialization::test_execute_phase_with_unknown_phase 
------------------------------- live log setup --------------------------------
2025-12-24 07:56:33 [    INFO] \U0001f3ad Orchestrator initialized: maintenance_v3\n2025-12-24 07:56:33 [    INFO] \U0001f3ad Maintenance Orchestrator v3.0 initialized\n-------------------------------- live log call --------------------------------
2025-12-24 07:56:33 [    INFO] \U0001f3ad Phase transition: \u2192 UNKNOWN_PHASE\n2025-12-24 07:56:33 [   ERROR] Unknown phase: UNKNOWN_PHASE
PASSED
tests/orchestrators/maintenance/test_maintenance_orchestrator_v3.py::TestPhaseInitialization::test_teardown_calculates_health_delta 
------------------------------- live log setup --------------------------------
2025-12-24 07:56:33 [    INFO] \U0001f3ad Orchestrator initialized: maintenance_v3\n2025-12-24 07:56:33 [    INFO] \U0001f3ad Maintenance Orchestrator v3.0 initialized\n-------------------------------- live log call --------------------------------
2025-12-24 07:56:33 [    INFO] Tearing down maintenance orchestrator...
2025-12-24 07:56:33 [    INFO] Health delta: +10.00% (75.0% \u2192 85.0%)\nPASSED
tests/orchestrators/maintenance/test_maintenance_orchestrator_v3.py::TestPhaseInitialization::test_teardown_without_healthchecks 
------------------------------- live log setup --------------------------------
2025-12-24 07:56:33 [    INFO] \U0001f3ad Orchestrator initialized: maintenance_v3\n2025-12-24 07:56:33 [    INFO] \U0001f3ad Maintenance Orchestrator v3.0 initialized\n-------------------------------- live log call --------------------------------
2025-12-24 07:56:33 [    INFO] Tearing down maintenance orchestrator...
PASSED
tests/orchestrators/maintenance/test_maintenance_orchestrator_v3.py::TestPhaseInitialization::test_phase_execution_logs_transition 
------------------------------- live log setup --------------------------------
2025-12-24 07:56:33 [    INFO] \U0001f3ad Orchestrator initialized: maintenance_v3\n2025-12-24 07:56:33 [    INFO] \U0001f3ad Maintenance Orchestrator v3.0 initialized\n-------------------------------- live log call --------------------------------
2025-12-24 07:56:33 [    INFO] Running pre-healthcheck...
FAILED
tests/orchestrators/maintenance/test_maintenance_orchestrator_v3.py::TestPhaseInitialization::test_initialization_creates_phase_manager 
------------------------------- live log setup --------------------------------
2025-12-24 07:56:33 [    INFO] \U0001f3ad Orchestrator initialized: maintenance_v3\n2025-12-24 07:56:33 [    INFO] \U0001f3ad Maintenance Orchestrator v3.0 initialized\nPASSED
tests/orchestrators/maintenance/test_maintenance_orchestrator_v3.py::TestPreHealthcheckPhase::test_pre_healthcheck_success 
------------------------------- live log setup --------------------------------
2025-12-24 07:56:33 [    INFO] \U0001f3ad Orchestrator initialized: maintenance_v3\n2025-12-24 07:56:33 [    INFO] \U0001f3ad Maintenance Orchestrator v3.0 initialized\n-------------------------------- live log call --------------------------------
2025-12-24 07:56:33 [    INFO] Running pre-healthcheck...
FAILED
tests/orchestrators/maintenance/test_maintenance_orchestrator_v3.py::TestPreHealthcheckPhase::test_pre_healthcheck_sets_baseline_health 
------------------------------- live log setup --------------------------------
2025-12-24 07:56:33 [    INFO] \U0001f3ad Orchestrator initialized: maintenance_v3\n2025-12-24 07:56:33 [    INFO] \U0001f3ad Maintenance Orchestrator v3.0 initialized\n-------------------------------- live log call --------------------------------
2025-12-24 07:56:33 [    INFO] Running pre-healthcheck...
FAILED
tests/orchestrators/maintenance/test_maintenance_orchestrator_v3.py::TestPreHealthcheckPhase::test_pre_healthcheck_scans_7_components 
------------------------------- live log setup --------------------------------
2025-12-24 07:56:33 [    INFO] \U0001f3ad Orchestrator initialized: maintenance_v3\n2025-12-24 07:56:33 [    INFO] \U0001f3ad Maintenance Orchestrator v3.0 initialized\n-------------------------------- live log call --------------------------------
2025-12-24 07:56:33 [    INFO] Running pre-healthcheck...
FAILED
tests/orchestrators/maintenance/test_maintenance_orchestrator_v3.py::TestPreHealthcheckPhase::test_check_tier0_health_all_files_present 
------------------------------- live log setup --------------------------------
2025-12-24 07:56:33 [    INFO] \U0001f3ad Orchestrator initialized: maintenance_v3\n2025-12-24 07:56:33 [    INFO] \U0001f3ad Maintenance Orchestrator v3.0 initialized\nFAILED
tests/orchestrators/maintenance/test_maintenance_orchestrator_v3.py::TestPreHealthcheckPhase::test_check_tier0_health_missing_files 
-------------------------------- live log call --------------------------------
2025-12-24 07:56:33 [    INFO] \U0001f3ad Orchestrator initialized: maintenance_v3\n2025-12-24 07:56:33 [    INFO] \U0001f3ad Maintenance Orchestrator v3.0 initialized\nPASSED
tests/orchestrators/maintenance/test_maintenance_orchestrator_v3.py::TestPreHealthcheckPhase::test_check_tier1_health_within_limit 
------------------------------- live log setup --------------------------------
2025-12-24 07:56:33 [    INFO] \U0001f3ad Orchestrator initialized: maintenance_v3\n2025-12-24 07:56:33 [    INFO] \U0001f3ad Maintenance Orchestrator v3.0 initialized\nPASSED
tests/orchestrators/maintenance/test_maintenance_orchestrator_v3.py::TestPreHealthcheckPhase::test_check_tier1_health_over_limit 
-------------------------------- live log call --------------------------------
2025-12-24 07:56:33 [    INFO] \U0001f3ad Orchestrator initialized: maintenance_v3\n2025-12-24 07:56:33 [    INFO] \U0001f3ad Maintenance Orchestrator v3.0 initialized\nFAILED
tests/orchestrators/maintenance/test_maintenance_orchestrator_v3.py::TestPreHealthcheckPhase::test_check_tier2_health 
------------------------------- live log setup --------------------------------
2025-12-24 07:56:33 [    INFO] \U0001f3ad Orchestrator initialized: maintenance_v3\n2025-12-24 07:56:33 [    INFO] \U0001f3ad Maintenance Orchestrator v3.0 initialized\nPASSED
tests/orchestrators/maintenance/test_maintenance_orchestrator_v3.py::TestPreHealthcheckPhase::test_check_tier3_health 
------------------------------- live log setup --------------------------------
2025-12-24 07:56:33 [    INFO] \U0001f3ad Orchestrator initialized: maintenance_v3\n2025-12-24 07:56:33 [    INFO] \U0001f3ad Maintenance Orchestrator v3.0 initialized\nPASSED
tests/orchestrators/maintenance/test_maintenance_orchestrator_v3.py::TestPreHealthcheckPhase::test_check_orchestrators_health 
------------------------------- live log setup --------------------------------
2025-12-24 07:56:33 [    INFO] \U0001f3ad Orchestrator initialized: maintenance_v3\n2025-12-24 07:56:33 [    INFO] \U0001f3ad Maintenance Orchestrator v3.0 initialized\nPASSED
tests/orchestrators/maintenance/test_maintenance_orchestrator_v3.py::TestPreHealthcheckPhase::test_check_agents_health 
------------------------------- live log setup --------------------------------
2025-12-24 07:56:33 [    INFO] \U0001f3ad Orchestrator initialized: maintenance_v3\n2025-12-24 07:56:33 [    INFO] \U0001f3ad Maintenance Orchestrator v3.0 initialized\nPASSED
tests/orchestrators/maintenance/test_maintenance_orchestrator_v3.py::TestPreHealthcheckPhase::test_check_system_health 
------------------------------- live log setup --------------------------------
2025-12-24 07:56:33 [    INFO] \U0001f3ad Orchestrator initialized: maintenance_v3\n2025-12-24 07:56:33 [    INFO] \U0001f3ad Maintenance Orchestrator v3.0 initialized\nFAILED
tests/orchestrators/maintenance/test_maintenance_orchestrator_v3.py::TestAlignPhase::test_align_phase_success_when_utility_missing 
------------------------------- live log setup --------------------------------
2025-12-24 07:56:33 [    INFO] \U0001f3ad Orchestrator initialized: maintenance_v3\n2025-12-24 07:56:33 [    INFO] \U0001f3ad Maintenance Orchestrator v3.0 initialized\n-------------------------------- live log call --------------------------------
2025-12-24 07:56:33 [    INFO] Running align phase...
2025-12-24 07:56:33 [ WARNING] Align utility not available: cannot import name 'run_align' from 'src.operations.modules.realignment.realignment_utility' (D:\PROJECTS\CORTEX\src\operations\modules\realignment\realignment_utility.py)
FAILED
tests/orchestrators/maintenance/test_maintenance_orchestrator_v3.py::TestAlignPhase::test_align_phase_checks_for_import 
------------------------------- live log setup --------------------------------
2025-12-24 07:56:33 [    INFO] \U0001f3ad Orchestrator initialized: maintenance_v3\n2025-12-24 07:56:33 [    INFO] \U0001f3ad Maintenance Orchestrator v3.0 initialized\n-------------------------------- live log call --------------------------------
2025-12-24 07:56:33 [    INFO] Running align phase...
2025-12-24 07:56:33 [ WARNING] Align utility not available: cannot import name 'run_align' from 'src.operations.modules.realignment.realignment_utility' (D:\PROJECTS\CORTEX\src\operations\modules\realignment\realignment_utility.py)
PASSED
tests/orchestrators/maintenance/test_maintenance_orchestrator_v3.py::TestAlignPhase::test_align_phase_returns_metrics 
------------------------------- live log setup --------------------------------
2025-12-24 07:56:33 [    INFO] \U0001f3ad Orchestrator initialized: maintenance_v3\n2025-12-24 07:56:33 [    INFO] \U0001f3ad Maintenance Orchestrator v3.0 initialized\n-------------------------------- live log call --------------------------------
2025-12-24 07:56:33 [    INFO] Running align phase...
2025-12-24 07:56:33 [ WARNING] Align utility not available: cannot import name 'run_align' from 'src.operations.modules.realignment.realignment_utility' (D:\PROJECTS\CORTEX\src\operations\modules\realignment\realignment_utility.py)
PASSED
tests/orchestrators/maintenance/test_maintenance_orchestrator_v3.py::TestAlignPhase::test_align_phase_logs_execution 
------------------------------- live log setup --------------------------------
2025-12-24 07:56:33 [    INFO] \U0001f3ad Orchestrator initialized: maintenance_v3\n2025-12-24 07:56:33 [    INFO] \U0001f3ad Maintenance Orchestrator v3.0 initialized\n-------------------------------- live log call --------------------------------
2025-12-24 07:56:34 [    INFO] Running align phase...
2025-12-24 07:56:34 [ WARNING] Align utility not available: cannot import name 'run_align' from 'src.operations.modules.realignment.realignment_utility' (D:\PROJECTS\CORTEX\src\operations\modules\realignment\realignment_utility.py)
PASSED
tests/orchestrators/maintenance/test_maintenance_orchestrator_v3.py::TestAlignPhase::test_align_phase_with_utility_available 
------------------------------- live log setup --------------------------------
2025-12-24 07:56:34 [    INFO] \U0001f3ad Orchestrator initialized: maintenance_v3\n2025-12-24 07:56:34 [    INFO] \U0001f3ad Maintenance Orchestrator v3.0 initialized\nFAILED
tests/orchestrators/maintenance/test_maintenance_orchestrator_v3.py::TestAlignPhaseExtended::test_align_phase_exception_handling 
------------------------------- live log setup --------------------------------
2025-12-24 07:56:34 [    INFO] \U0001f3ad Orchestrator initialized: maintenance_v3\n2025-12-24 07:56:34 [    INFO] \U0001f3ad Maintenance Orchestrator v3.0 initialized\n-------------------------------- live log call --------------------------------
2025-12-24 07:56:34 [    INFO] Running align phase...
2025-12-24 07:56:34 [ WARNING] Align utility not available: cannot import name 'run_align' from 'src.operations.modules.realignment.realignment_utility' (D:\PROJECTS\CORTEX\src\operations\modules\realignment\realignment_utility.py)
PASSED
tests/orchestrators/maintenance/test_maintenance_orchestrator_v3.py::TestAlignPhaseExtended::test_align_phase_with_auto_fix_enabled 
------------------------------- live log setup --------------------------------
2025-12-24 07:56:34 [    INFO] \U0001f3ad Orchestrator initialized: maintenance_v3\n2025-12-24 07:56:34 [    INFO] \U0001f3ad Maintenance Orchestrator v3.0 initialized\n-------------------------------- live log call --------------------------------
2025-12-24 07:56:34 [    INFO] Running align phase...
2025-12-24 07:56:34 [ WARNING] Align utility not available: cannot import name 'run_align' from 'src.operations.modules.realignment.realignment_utility' (D:\PROJECTS\CORTEX\src\operations\modules\realignment\realignment_utility.py)
PASSED
tests/orchestrators/maintenance/test_maintenance_orchestrator_v3.py::TestAlignPhaseExtended::test_align_phase_returns_correct_structure 
------------------------------- live log setup --------------------------------
2025-12-24 07:56:34 [    INFO] \U0001f3ad Orchestrator initialized: maintenance_v3\n2025-12-24 07:56:34 [    INFO] \U0001f3ad Maintenance Orchestrator v3.0 initialized\n-------------------------------- live log call --------------------------------
2025-12-24 07:56:34 [    INFO] Running align phase...
2025-12-24 07:56:34 [ WARNING] Align utility not available: cannot import name 'run_align' from 'src.operations.modules.realignment.realignment_utility' (D:\PROJECTS\CORTEX\src\operations\modules\realignment\realignment_utility.py)
PASSED
tests/orchestrators/maintenance/test_maintenance_orchestrator_v3.py::TestAlignPhaseExtended::test_align_phase_handles_empty_context 
------------------------------- live log setup --------------------------------
2025-12-24 07:56:34 [    INFO] \U0001f3ad Orchestrator initialized: maintenance_v3\n2025-12-24 07:56:34 [    INFO] \U0001f3ad Maintenance Orchestrator v3.0 initialized\n-------------------------------- live log call --------------------------------
2025-12-24 07:56:34 [    INFO] Running align phase...
2025-12-24 07:56:34 [ WARNING] Align utility not available: cannot import name 'run_align' from 'src.operations.modules.realignment.realignment_utility' (D:\PROJECTS\CORTEX\src\operations\modules\realignment\realignment_utility.py)
PASSED
tests/orchestrators/maintenance/test_maintenance_orchestrator_v3.py::TestAlignPhaseExtended::test_align_phase_idempotent 
------------------------------- live log setup --------------------------------
2025-12-24 07:56:34 [    INFO] \U0001f3ad Orchestrator initialized: maintenance_v3\n2025-12-24 07:56:34 [    INFO] \U0001f3ad Maintenance Orchestrator v3.0 initialized\n-------------------------------- live log call --------------------------------
2025-12-24 07:56:34 [    INFO] Running align phase...
2025-12-24 07:56:34 [ WARNING] Align utility not available: cannot import name 'run_align' from 'src.operations.modules.realignment.realignment_utility' (D:\PROJECTS\CORTEX\src\operations\modules\realignment\realignment_utility.py)
2025-12-24 07:56:34 [    INFO] Running align phase...
2025-12-24 07:56:34 [ WARNING] Align utility not available: cannot import name 'run_align' from 'src.operations.modules.realignment.realignment_utility' (D:\PROJECTS\CORTEX\src\operations\modules\realignment\realignment_utility.py)
PASSED
tests/orchestrators/maintenance/test_maintenance_orchestrator_v3.py::TestCleanupPhase::test_cleanup_phase_success_when_utility_missing 
------------------------------- live log setup --------------------------------
2025-12-24 07:56:34 [    INFO] \U0001f3ad Orchestrator initialized: maintenance_v3\n2025-12-24 07:56:34 [    INFO] \U0001f3ad Maintenance Orchestrator v3.0 initialized\n-------------------------------- live log call --------------------------------
2025-12-24 07:56:34 [    INFO] Running cleanup phase...
2025-12-24 07:56:34 [ WARNING] Cleanup orchestrator not available: No module named 'src.operations.modules.orchestration.cleanup_orchestrator'
FAILED
tests/orchestrators/maintenance/test_maintenance_orchestrator_v3.py::TestCleanupPhase::test_cleanup_phase_returns_metrics 
------------------------------- live log setup --------------------------------
2025-12-24 07:56:34 [    INFO] \U0001f3ad Orchestrator initialized: maintenance_v3\n2025-12-24 07:56:34 [    INFO] \U0001f3ad Maintenance Orchestrator v3.0 initialized\n-------------------------------- live log call --------------------------------
2025-12-24 07:56:34 [    INFO] Running cleanup phase...
2025-12-24 07:56:34 [ WARNING] Cleanup orchestrator not available: No module named 'src.operations.modules.orchestration.cleanup_orchestrator'
PASSED
tests/orchestrators/maintenance/test_maintenance_orchestrator_v3.py::TestCleanupPhase::test_cleanup_phase_logs_execution 
------------------------------- live log setup --------------------------------
2025-12-24 07:56:34 [    INFO] \U0001f3ad Orchestrator initialized: maintenance_v3\n2025-12-24 07:56:34 [    INFO] \U0001f3ad Maintenance Orchestrator v3.0 initialized\n-------------------------------- live log call --------------------------------
2025-12-24 07:56:34 [    INFO] Running cleanup phase...
2025-12-24 07:56:34 [ WARNING] Cleanup orchestrator not available: No module named 'src.operations.modules.orchestration.cleanup_orchestrator'
PASSED
tests/orchestrators/maintenance/test_maintenance_orchestrator_v3.py::TestCleanupPhase::test_cleanup_phase_with_utility_available 
------------------------------- live log setup --------------------------------
2025-12-24 07:56:34 [    INFO] \U0001f3ad Orchestrator initialized: maintenance_v3\n2025-12-24 07:56:34 [    INFO] \U0001f3ad Maintenance Orchestrator v3.0 initialized\nFAILED
tests/orchestrators/maintenance/test_maintenance_orchestrator_v3.py::TestCleanupPhase::test_cleanup_phase_respects_dry_run 
------------------------------- live log setup --------------------------------
2025-12-24 07:56:34 [    INFO] \U0001f3ad Orchestrator initialized: maintenance_v3\n2025-12-24 07:56:34 [    INFO] \U0001f3ad Maintenance Orchestrator v3.0 initialized\n-------------------------------- live log call --------------------------------
2025-12-24 07:56:34 [    INFO] Running cleanup phase...
2025-12-24 07:56:34 [ WARNING] Cleanup orchestrator not available: No module named 'src.operations.modules.orchestration.cleanup_orchestrator'
PASSED
tests/orchestrators/maintenance/test_maintenance_orchestrator_v3.py::TestCleanupPhase::test_cleanup_phase_exception_handling 
------------------------------- live log setup --------------------------------
2025-12-24 07:56:34 [    INFO] \U0001f3ad Orchestrator initialized: maintenance_v3\n2025-12-24 07:56:34 [    INFO] \U0001f3ad Maintenance Orchestrator v3.0 initialized\n-------------------------------- live log call --------------------------------
2025-12-24 07:56:34 [    INFO] Running cleanup phase...
2025-12-24 07:56:34 [ WARNING] Cleanup orchestrator not available: No module named 'src.operations.modules.orchestration.cleanup_orchestrator'
PASSED
tests/orchestrators/maintenance/test_maintenance_orchestrator_v3.py::TestCleanupPhase::test_cleanup_phase_idempotent 
------------------------------- live log setup --------------------------------
2025-12-24 07:56:34 [    INFO] \U0001f3ad Orchestrator initialized: maintenance_v3\n2025-12-24 07:56:34 [    INFO] \U0001f3ad Maintenance Orchestrator v3.0 initialized\n-------------------------------- live log call --------------------------------
2025-12-24 07:56:34 [    INFO] Running cleanup phase...
2025-12-24 07:56:34 [ WARNING] Cleanup orchestrator not available: No module named 'src.operations.modules.orchestration.cleanup_orchestrator'
2025-12-24 07:56:34 [    INFO] Running cleanup phase...
2025-12-24 07:56:34 [ WARNING] Cleanup orchestrator not available: No module named 'src.operations.modules.orchestration.cleanup_orchestrator'
PASSED
tests/orchestrators/maintenance/test_maintenance_orchestrator_v3.py::TestCleanupPhase::test_cleanup_phase_correct_structure 
------------------------------- live log setup --------------------------------
2025-12-24 07:56:34 [    INFO] \U0001f3ad Orchestrator initialized: maintenance_v3\n2025-12-24 07:56:34 [    INFO] \U0001f3ad Maintenance Orchestrator v3.0 initialized\n-------------------------------- live log call --------------------------------
2025-12-24 07:56:34 [    INFO] Running cleanup phase...
2025-12-24 07:56:34 [ WARNING] Cleanup orchestrator not available: No module named 'src.operations.modules.orchestration.cleanup_orchestrator'
PASSED
tests/orchestrators/maintenance/test_maintenance_orchestrator_v3.py::TestCleanupPhase::test_cleanup_phase_with_empty_context 
------------------------------- live log setup --------------------------------
2025-12-24 07:56:34 [    INFO] \U0001f3ad Orchestrator initialized: maintenance_v3\n2025-12-24 07:56:34 [    INFO] \U0001f3ad Maintenance Orchestrator v3.0 initialized\n-------------------------------- live log call --------------------------------
2025-12-24 07:56:34 [    INFO] Running cleanup phase...
2025-12-24 07:56:34 [ WARNING] Cleanup orchestrator not available: No module named 'src.operations.modules.orchestration.cleanup_orchestrator'
PASSED
tests/orchestrators/maintenance/test_maintenance_orchestrator_v3.py::TestCleanupPhase::test_cleanup_phase_updates_references 
------------------------------- live log setup --------------------------------
2025-12-24 07:56:34 [    INFO] \U0001f3ad Orchestrator initialized: maintenance_v3\n2025-12-24 07:56:34 [    INFO] \U0001f3ad Maintenance Orchestrator v3.0 initialized\n-------------------------------- live log call --------------------------------
2025-12-24 07:56:34 [    INFO] Running cleanup phase...
2025-12-24 07:56:34 [ WARNING] Cleanup orchestrator not available: No module named 'src.operations.modules.orchestration.cleanup_orchestrator'
PASSED
tests/orchestrators/maintenance/test_maintenance_orchestrator_v3.py::TestOptimizePhase::test_optimize_phase_success_when_utility_missing 
------------------------------- live log setup --------------------------------
2025-12-24 07:56:34 [    INFO] \U0001f3ad Orchestrator initialized: maintenance_v3\n2025-12-24 07:56:34 [    INFO] \U0001f3ad Maintenance Orchestrator v3.0 initialized\n-------------------------------- live log call --------------------------------
2025-12-24 07:56:34 [    INFO] Running optimize phase...
2025-12-24 07:56:34 [ WARNING] DoR checklist not found: D:\PROJECTS\CORTEX\cortex-brain\templates\planning\dor-checklist.yaml
2025-12-24 07:56:34 [ WARNING] TDD framework not found: D:\PROJECTS\CORTEX\cortex-brain\components\development-executor\tdd-framework.yaml
2025-12-24 07:56:34 [ WARNING] Clean code gates not found: D:\PROJECTS\CORTEX\cortex-brain\components\development-executor\clean-code-gates.yaml
2025-12-24 07:56:34 [ WARNING] Security gates not found: D:\PROJECTS\CORTEX\cortex-brain\components\development-executor\security-gates.yaml
2025-12-24 07:56:34 [ WARNING] Planning validation found issues - recommendations provided
2025-12-24 07:56:40 [ WARNING] Syntax error in D:\PROJECTS\CORTEX\src\plugins\performance_telemetry_plugin.py, skipping AST analysis
2025-12-24 07:56:40 [ WARNING] Syntax error in D:\PROJECTS\CORTEX\src\policy\policy_test_generator.py, skipping AST analysis
2025-12-24 07:56:41 [ WARNING] Syntax error in D:\PROJECTS\CORTEX\src\tier0\copilot_instructions_generator.py, skipping AST analysis
2025-12-24 07:56:41 [ WARNING] Syntax error in D:\PROJECTS\CORTEX\src\utils\doc_sync_hooks.py, skipping AST analysis
2025-12-24 07:56:42 [ WARNING] Syntax error in D:\PROJECTS\CORTEX\src\workflows\tdd_workflow_orchestrator.py, skipping AST analysis
2025-12-24 07:56:42 [ WARNING] Syntax error in D:\PROJECTS\CORTEX\src\tier3\schema_migrations\migration_006_adoption_analytics.py, skipping AST analysis
2025-12-24 07:56:43 [ WARNING] Syntax error in D:\PROJECTS\CORTEX\src\orchestrators\story_enhancement\modules\dalle_prompt_generator.py, skipping AST analysis
2025-12-24 07:56:44 [ WARNING] Syntax error in D:\PROJECTS\CORTEX\src\operations\modules\implants_commands.py, skipping AST analysis
2025-12-24 07:56:45 [ WARNING] Syntax error in D:\PROJECTS\CORTEX\src\operations\modules\checkpoints\checkpoint_utility.py, skipping AST analysis
2025-12-24 07:56:45 [ WARNING] Syntax error in D:\PROJECTS\CORTEX\src\operations\modules\dashboard\learning_dashboard_launcher.py, skipping AST analysis
2025-12-24 07:56:46 [ WARNING] Syntax error in D:\PROJECTS\CORTEX\src\operations\modules\metrics\metrics_utility.py, skipping AST analysis
2025-12-24 07:56:46 [ WARNING] Syntax error in D:\PROJECTS\CORTEX\src\operations\modules\questions\template_selector.py, skipping AST analysis
2025-12-24 07:56:47 [ WARNING] Syntax error in D:\PROJECTS\CORTEX\src\operations\modules\validation\session_utility.py, skipping AST analysis
2025-12-24 07:56:47 [ WARNING] Syntax error in D:\PROJECTS\CORTEX\src\epmo\documentation\image_prompt_bridge.py, skipping AST analysis
2025-12-24 07:56:48 [ WARNING] Syntax error in D:\PROJECTS\CORTEX\src\dashboard\analyzers\validate_analyzers.py, skipping AST analysis
2025-12-24 07:56:51 [   ERROR] Path cleanup error: 'OptimizationMetrics' object has no attribute 'optimizations_attempted'
Traceback (most recent call last):
  File "D:\PROJECTS\CORTEX\src\operations\modules\optimization\optimize_cortex_orchestrator.py", line 1338, in _cleanup_hardcoded_paths
    metrics.optimizations_attempted += 1
    ^^^^^^^^^^^^^^^^^^^^^^^^^^^^^^^
AttributeError: 'OptimizationMetrics' object has no attribute 'optimizations_attempted'. Did you mean: 'optimizations_applied'?
2025-12-24 07:56:51 [ WARNING] \u26a0\ufe0f Path cleanup encountered issues: 'OptimizationMetrics' object has no attribute 'optimizations_attempted'\n2025-12-24 07:56:52 [ WARNING] \u26a0\ufe0f Brain health issues detected:\n2025-12-24 07:56:52 [ WARNING]   - Tier 0: Brain protection rules missing
2025-12-24 07:56:52 [ WARNING]   - Tier 3: Git metrics collection inactive
2025-12-24 07:56:52 [   ERROR] Error during hardcoded data scan: BaseOperationModule.__init__() got an unexpected keyword argument 'project_root'
2025-12-24 07:56:52 [ WARNING] CORTEX optimizer failed (exit code 1), using fallback analysis
warning: in the working copy of 'test_output.txt', CRLF will be replaced by LF the next time Git touches it
warning: in the working copy of 'test_output.txt', CRLF will be replaced by LF the next time Git touches it
2025-12-24 07:58:59 [ WARNING] Failed to archive D:\PROJECTS\CORTEX\cortex-brain\documents\analysis\README.md: [WinError 183] Cannot create a file when that file already exists: 'D:\\PROJECTS\\CORTEX\\cortex-brain\\documents\\analysis\\README.md' -> 'D:\\PROJECTS\\CORTEX\\cortex-brain\\documents\\archive\\README.md'
2025-12-24 07:58:59 [ WARNING] Failed to archive D:\PROJECTS\CORTEX\cortex-brain\documents\analysis\README.md: [WinError 183] Cannot create a file when that file already exists: 'D:\\PROJECTS\\CORTEX\\cortex-brain\\documents\\analysis\\README.md' -> 'D:\\PROJECTS\\CORTEX\\cortex-brain\\documents\\archive\\README.md'
2025-12-24 07:58:59 [ WARNING] Failed to archive D:\PROJECTS\CORTEX\cortex-brain\documents\conversation-captures\README.md: [WinError 183] Cannot create a file when that file already exists: 'D:\\PROJECTS\\CORTEX\\cortex-brain\\documents\\conversation-captures\\README.md' -> 'D:\\PROJECTS\\CORTEX\\cortex-brain\\documents\\archive\\README.md'
2025-12-24 07:58:59 [ WARNING] Failed to archive D:\PROJECTS\CORTEX\cortex-brain\documents\implementation-guides\README.md: [WinError 183] Cannot create a file when that file already exists: 'D:\\PROJECTS\\CORTEX\\cortex-brain\\documents\\implementation-guides\\README.md' -> 'D:\\PROJECTS\\CORTEX\\cortex-brain\\documents\\archive\\README.md'
2025-12-24 07:58:59 [ WARNING] Failed to archive D:\PROJECTS\CORTEX\cortex-brain\documents\investigations\README.md: [WinError 183] Cannot create a file when that file already exists: 'D:\\PROJECTS\\CORTEX\\cortex-brain\\documents\\investigations\\README.md' -> 'D:\\PROJECTS\\CORTEX\\cortex-brain\\documents\\archive\\README.md'
2025-12-24 07:58:59 [ WARNING] Failed to archive D:\PROJECTS\CORTEX\cortex-brain\documents\planning\README.md: [WinError 183] Cannot create a file when that file already exists: 'D:\\PROJECTS\\CORTEX\\cortex-brain\\documents\\planning\\README.md' -> 'D:\\PROJECTS\\CORTEX\\cortex-brain\\documents\\archive\\README.md'
2025-12-24 07:58:59 [ WARNING] Failed to archive D:\PROJECTS\CORTEX\cortex-brain\documents\policies\README.md: [WinError 183] Cannot create a file when that file already exists: 'D:\\PROJECTS\\CORTEX\\cortex-brain\\documents\\policies\\README.md' -> 'D:\\PROJECTS\\CORTEX\\cortex-brain\\documents\\archive\\README.md'
2025-12-24 07:58:59 [ WARNING] Failed to archive D:\PROJECTS\CORTEX\cortex-brain\documents\reports\README.md: [WinError 183] Cannot create a file when that file already exists: 'D:\\PROJECTS\\CORTEX\\cortex-brain\\documents\\reports\\README.md' -> 'D:\\PROJECTS\\CORTEX\\cortex-brain\\documents\\archive\\README.md'
2025-12-24 07:58:59 [ WARNING] Failed to archive D:\PROJECTS\CORTEX\cortex-brain\documents\summaries\README.md: [WinError 183] Cannot create a file when that file already exists: 'D:\\PROJECTS\\CORTEX\\cortex-brain\\documents\\summaries\\README.md' -> 'D:\\PROJECTS\\CORTEX\\cortex-brain\\documents\\archive\\README.md'
2025-12-24 07:58:59 [ WARNING] Failed to archive D:\PROJECTS\CORTEX\cortex-brain\documents\planning\orchestrators\README.md: [WinError 183] Cannot create a file when that file already exists: 'D:\\PROJECTS\\CORTEX\\cortex-brain\\documents\\planning\\orchestrators\\README.md' -> 'D:\\PROJECTS\\CORTEX\\cortex-brain\\documents\\archive\\README.md'
2025-12-24 07:58:59 [ WARNING] Failed to archive D:\PROJECTS\CORTEX\cortex-brain\documents\planning\features\temp-plans\TEMP-PLAN-20251216_165525-comprehensive-analysis-of-syst\README.md: [WinError 183] Cannot create a file when that file already exists: 'D:\\PROJECTS\\CORTEX\\cortex-brain\\documents\\planning\\features\\temp-plans\\TEMP-PLAN-20251216_165525-comprehensive-analysis-of-syst\\README.md' -> 'D:\\PROJECTS\\CORTEX\\cortex-brain\\documents\\archive\\README.md'
2025-12-24 07:58:59 [ WARNING] Failed to archive D:\PROJECTS\CORTEX\cortex-brain\documents\planning\features\temp-plans\TEMP-PLAN-20251216_165710-comprehensive-analysis-of-syst\README.md: [WinError 183] Cannot create a file when that file already exists: 'D:\\PROJECTS\\CORTEX\\cortex-brain\\documents\\planning\\features\\temp-plans\\TEMP-PLAN-20251216_165710-comprehensive-analysis-of-syst\\README.md' -> 'D:\\PROJECTS\\CORTEX\\cortex-brain\\documents\\archive\\README.md'
2025-12-24 07:58:59 [ WARNING] Failed to archive D:\PROJECTS\CORTEX\cortex-brain\documents\planning\completed\cortex-lens-v2\README.md: [WinError 183] Cannot create a file when that file already exists: 'D:\\PROJECTS\\CORTEX\\cortex-brain\\documents\\planning\\completed\\cortex-lens-v2\\README.md' -> 'D:\\PROJECTS\\CORTEX\\cortex-brain\\documents\\archive\\README.md'
2025-12-24 07:58:59 [ WARNING] Failed to archive D:\PROJECTS\CORTEX\cortex-brain\documents\planning\completed\orchestrator-enhancement-v1\README.md: [WinError 183] Cannot create a file when that file already exists: 'D:\\PROJECTS\\CORTEX\\cortex-brain\\documents\\planning\\completed\\orchestrator-enhancement-v1\\README.md' -> 'D:\\PROJECTS\\CORTEX\\cortex-brain\\documents\\archive\\README.md'
2025-12-24 07:58:59 [ WARNING] Failed to archive D:\PROJECTS\CORTEX\cortex-brain\documents\planning\completed\orchestrator-enhancement-v2\README.md: [WinError 183] Cannot create a file when that file already exists: 'D:\\PROJECTS\\CORTEX\\cortex-brain\\documents\\planning\\completed\\orchestrator-enhancement-v2\\README.md' -> 'D:\\PROJECTS\\CORTEX\\cortex-brain\\documents\\archive\\README.md'
2025-12-24 07:58:59 [ WARNING] Failed to archive D:\PROJECTS\CORTEX\cortex-brain\documents\planning\archived\legacy-navigation\README.md: [WinError 183] Cannot create a file when that file already exists: 'D:\\PROJECTS\\CORTEX\\cortex-brain\\documents\\planning\\archived\\legacy-navigation\\README.md' -> 'D:\\PROJECTS\\CORTEX\\cortex-brain\\documents\\archive\\README.md'
2025-12-24 07:58:59 [ WARNING] Failed to archive D:\PROJECTS\CORTEX\cortex-brain\documents\planning\archive\2025-12-18\_backup\cortex-rearchitecture-v1\context\README.md: [WinError 183] Cannot create a file when that file already exists: 'D:\\PROJECTS\\CORTEX\\cortex-brain\\documents\\planning\\archive\\2025-12-18\\_backup\\cortex-rearchitecture-v1\\context\\README.md' -> 'D:\\PROJECTS\\CORTEX\\cortex-brain\\documents\\archive\\README.md'
2025-12-24 07:58:59 [ WARNING] Failed to archive D:\PROJECTS\CORTEX\cortex-brain\documents\planning\active\CORTEX-3.0-4.0\README.md: [WinError 183] Cannot create a file when that file already exists: 'D:\\PROJECTS\\CORTEX\\cortex-brain\\documents\\planning\\active\\CORTEX-3.0-4.0\\README.md' -> 'D:\\PROJECTS\\CORTEX\\cortex-brain\\documents\\archive\\README.md'
2025-12-24 07:58:59 [ WARNING] Failed to archive D:\PROJECTS\CORTEX\cortex-brain\documents\planning\active\discovery-orchestrator-v1\README.md: [WinError 183] Cannot create a file when that file already exists: 'D:\\PROJECTS\\CORTEX\\cortex-brain\\documents\\planning\\active\\discovery-orchestrator-v1\\README.md' -> 'D:\\PROJECTS\\CORTEX\\cortex-brain\\documents\\archive\\README.md'
2025-12-24 07:58:59 [ WARNING] Failed to archive D:\PROJECTS\CORTEX\cortex-brain\documents\planning\active\CORTEX-3.0-4.0\archive\README.md: [WinError 183] Cannot create a file when that file already exists: 'D:\\PROJECTS\\CORTEX\\cortex-brain\\documents\\planning\\active\\CORTEX-3.0-4.0\\archive\\README.md' -> 'D:\\PROJECTS\\CORTEX\\cortex-brain\\documents\\archive\\README.md'
2025-12-24 07:58:59 [ WARNING] Failed to archive D:\PROJECTS\CORTEX\cortex-brain\documents\planning\active\CORTEX-3.0-4.0\phases\README.md: [WinError 183] Cannot create a file when that file already exists: 'D:\\PROJECTS\\CORTEX\\cortex-brain\\documents\\planning\\active\\CORTEX-3.0-4.0\\phases\\README.md' -> 'D:\\PROJECTS\\CORTEX\\cortex-brain\\documents\\archive\\README.md'
2025-12-24 07:58:59 [ WARNING] Failed to archive D:\PROJECTS\CORTEX\cortex-brain\documents\learning\ado_workflows\README.md: [WinError 183] Cannot create a file when that file already exists: 'D:\\PROJECTS\\CORTEX\\cortex-brain\\documents\\learning\\ado_workflows\\README.md' -> 'D:\\PROJECTS\\CORTEX\\cortex-brain\\documents\\archive\\README.md'
2025-12-24 07:58:59 [ WARNING] Failed to archive D:\PROJECTS\CORTEX\cortex-brain\documents\learning\milestones\README.md: [WinError 183] Cannot create a file when that file already exists: 'D:\\PROJECTS\\CORTEX\\cortex-brain\\documents\\learning\\milestones\\README.md' -> 'D:\\PROJECTS\\CORTEX\\cortex-brain\\documents\\archive\\README.md'
2025-12-24 07:58:59 [ WARNING] Failed to archive D:\PROJECTS\CORTEX\cortex-brain\documents\learning\planning_strategies\README.md: [WinError 183] Cannot create a file when that file already exists: 'D:\\PROJECTS\\CORTEX\\cortex-brain\\documents\\learning\\planning_strategies\\README.md' -> 'D:\\PROJECTS\\CORTEX\\cortex-brain\\documents\\archive\\README.md'
2025-12-24 07:58:59 [ WARNING] Failed to archive D:\PROJECTS\CORTEX\cortex-brain\documents\guidelines\architecture\README.md: [WinError 183] Cannot create a file when that file already exists: 'D:\\PROJECTS\\CORTEX\\cortex-brain\\documents\\guidelines\\architecture\\README.md' -> 'D:\\PROJECTS\\CORTEX\\cortex-brain\\documents\\archive\\README.md'
2025-12-24 07:58:59 [ WARNING] Failed to archive D:\PROJECTS\CORTEX\cortex-brain\documents\guidelines\architecture\diagrams\README.md: [WinError 183] Cannot create a file when that file already exists: 'D:\\PROJECTS\\CORTEX\\cortex-brain\\documents\\guidelines\\architecture\\diagrams\\README.md' -> 'D:\\PROJECTS\\CORTEX\\cortex-brain\\documents\\archive\\README.md'
2025-12-24 07:58:59 [ WARNING] Failed to archive D:\PROJECTS\CORTEX\cortex-brain\documents\analysis\INTELLIGENT-UX-DEMO\README.md: [WinError 183] Cannot create a file when that file already exists: 'D:\\PROJECTS\\CORTEX\\cortex-brain\\documents\\analysis\\INTELLIGENT-UX-DEMO\\README.md' -> 'D:\\PROJECTS\\CORTEX\\cortex-brain\\documents\\archive\\README.md'
2025-12-24 07:58:59 [ WARNING] Failed to archive D:\PROJECTS\CORTEX\cortex-brain\documents\analysis\mock-enhancement-dashboard\README.md: [WinError 183] Cannot create a file when that file already exists: 'D:\\PROJECTS\\CORTEX\\cortex-brain\\documents\\analysis\\mock-enhancement-dashboard\\README.md' -> 'D:\\PROJECTS\\CORTEX\\cortex-brain\\documents\\archive\\README.md'
2025-12-24 07:58:59 [ WARNING] Failed to archive D:\PROJECTS\CORTEX\cortex-brain\documents\analysis\INTELLIGENT-UX-DEMO\tests\README.md: [WinError 183] Cannot create a file when that file already exists: 'D:\\PROJECTS\\CORTEX\\cortex-brain\\documents\\analysis\\INTELLIGENT-UX-DEMO\\tests\\README.md' -> 'D:\\PROJECTS\\CORTEX\\cortex-brain\\documents\\archive\\README.md'
2025-12-24 07:58:59 [ WARNING] Failed to archive D:\PROJECTS\CORTEX\cortex-brain\documents\planning\archive\2025-12-18\toolkit-architecture-20251216\00-master-plan.md: [WinError 183] Cannot create a file when that file already exists: 'D:\\PROJECTS\\CORTEX\\cortex-brain\\documents\\planning\\archive\\2025-12-18\\toolkit-architecture-20251216\\00-master-plan.md' -> 'D:\\PROJECTS\\CORTEX\\cortex-brain\\documents\\archive\\00-master-plan.md'
2025-12-24 07:58:59 [ WARNING] Failed to archive D:\PROJECTS\CORTEX\cortex-brain\documents\planning\archive\2025-12-18\unified-planning-system-implementation\00-master-plan.md: [WinError 183] Cannot create a file when that file already exists: 'D:\\PROJECTS\\CORTEX\\cortex-brain\\documents\\planning\\archive\\2025-12-18\\unified-planning-system-implementation\\00-master-plan.md' -> 'D:\\PROJECTS\\CORTEX\\cortex-brain\\documents\\archive\\00-master-plan.md'
2025-12-24 07:58:59 [ WARNING] Failed to archive D:\PROJECTS\CORTEX\cortex-brain\documents\planning\archive\2025-12-18\workspace-architecture-40-20251216\00-master-plan.md: [WinError 183] Cannot create a file when that file already exists: 'D:\\PROJECTS\\CORTEX\\cortex-brain\\documents\\planning\\archive\\2025-12-18\\workspace-architecture-40-20251216\\00-master-plan.md' -> 'D:\\PROJECTS\\CORTEX\\cortex-brain\\documents\\archive\\00-master-plan.md'
2025-12-24 07:58:59 [ WARNING] Failed to archive D:\PROJECTS\CORTEX\cortex-brain\documents\architecture\orchestrators\code-sanitization-orchestrator-architecture.md: [WinError 183] Cannot create a file when that file already exists: 'D:\\PROJECTS\\CORTEX\\cortex-brain\\documents\\architecture\\orchestrators\\code-sanitization-orchestrator-architecture.md' -> 'D:\\PROJECTS\\CORTEX\\cortex-brain\\documents\\archive\\code-sanitization-orchestrator-architecture.md'
2025-12-24 07:58:59 [ WARNING] Failed to archive D:\PROJECTS\CORTEX\cortex-brain\documents\planning\archive\2025-12-18\toolkit-architecture-20251216\00-master-plan.md: [WinError 183] Cannot create a file when that file already exists: 'D:\\PROJECTS\\CORTEX\\cortex-brain\\documents\\planning\\archive\\2025-12-18\\toolkit-architecture-20251216\\00-master-plan.md' -> 'D:\\PROJECTS\\CORTEX\\cortex-brain\\documents\\archive\\00-master-plan.md'
2025-12-24 07:59:01 [ WARNING] Failed to archive D:\PROJECTS\CORTEX\cortex-brain\documents\conversation-captures\INDEX.md: [WinError 183] Cannot create a file when that file already exists: 'D:\\PROJECTS\\CORTEX\\cortex-brain\\documents\\conversation-captures\\INDEX.md' -> 'D:\\PROJECTS\\CORTEX\\cortex-brain\\documents\\archive\\INDEX.md'
2025-12-24 07:59:01 [ WARNING] Failed to archive D:\PROJECTS\CORTEX\cortex-brain\documents\implementation-guides\INDEX.md: [WinError 183] Cannot create a file when that file already exists: 'D:\\PROJECTS\\CORTEX\\cortex-brain\\documents\\implementation-guides\\INDEX.md' -> 'D:\\PROJECTS\\CORTEX\\cortex-brain\\documents\\archive\\INDEX.md'
2025-12-24 07:59:01 [ WARNING] Failed to archive D:\PROJECTS\CORTEX\cortex-brain\documents\investigations\INDEX.md: [WinError 183] Cannot create a file when that file already exists: 'D:\\PROJECTS\\CORTEX\\cortex-brain\\documents\\investigations\\INDEX.md' -> 'D:\\PROJECTS\\CORTEX\\cortex-brain\\documents\\archive\\INDEX.md'
2025-12-24 07:59:01 [ WARNING] Failed to archive D:\PROJECTS\CORTEX\cortex-brain\documents\learning-paths\INDEX.md: [WinError 183] Cannot create a file when that file already exists: 'D:\\PROJECTS\\CORTEX\\cortex-brain\\documents\\learning-paths\\INDEX.md' -> 'D:\\PROJECTS\\CORTEX\\cortex-brain\\documents\\archive\\INDEX.md'
2025-12-24 07:59:01 [ WARNING] Failed to archive D:\PROJECTS\CORTEX\cortex-brain\documents\reports\INDEX.md: [WinError 183] Cannot create a file when that file already exists: 'D:\\PROJECTS\\CORTEX\\cortex-brain\\documents\\reports\\INDEX.md' -> 'D:\\PROJECTS\\CORTEX\\cortex-brain\\documents\\archive\\INDEX.md'
2025-12-24 07:59:01 [ WARNING] Failed to archive D:\PROJECTS\CORTEX\cortex-brain\documents\summaries\INDEX.md: [WinError 183] Cannot create a file when that file already exists: 'D:\\PROJECTS\\CORTEX\\cortex-brain\\documents\\summaries\\INDEX.md' -> 'D:\\PROJECTS\\CORTEX\\cortex-brain\\documents\\archive\\INDEX.md'
2025-12-24 07:59:01 [ WARNING] Failed to archive D:\PROJECTS\CORTEX\cortex-brain\documents\planning\archived\legacy-navigation\INDEX.md: [WinError 183] Cannot create a file when that file already exists: 'D:\\PROJECTS\\CORTEX\\cortex-brain\\documents\\planning\\archived\\legacy-navigation\\INDEX.md' -> 'D:\\PROJECTS\\CORTEX\\cortex-brain\\documents\\archive\\INDEX.md'
2025-12-24 07:59:01 [ WARNING] Failed to archive D:\PROJECTS\CORTEX\cortex-brain\documents\planning\archive\2025-12-18\_backup\learning-library\INDEX.md: [WinError 183] Cannot create a file when that file already exists: 'D:\\PROJECTS\\CORTEX\\cortex-brain\\documents\\planning\\archive\\2025-12-18\\_backup\\learning-library\\INDEX.md' -> 'D:\\PROJECTS\\CORTEX\\cortex-brain\\documents\\archive\\INDEX.md'
2025-12-24 07:59:01 [ WARNING] Failed to archive D:\PROJECTS\CORTEX\cortex-brain\documents\planning\active\CORTEX-3.0-4.0\00-MASTER-PLAN.md: [WinError 183] Cannot create a file when that file already exists: 'D:\\PROJECTS\\CORTEX\\cortex-brain\\documents\\planning\\active\\CORTEX-3.0-4.0\\00-MASTER-PLAN.md' -> 'D:\\PROJECTS\\CORTEX\\cortex-brain\\documents\\archive\\00-MASTER-PLAN.md'
2025-12-24 07:59:01 [ WARNING] Failed to archive D:\PROJECTS\CORTEX\cortex-brain\documents\planning\archive\2025-12-18\_backup\oauth-authentication\master-plan.md: [WinError 183] Cannot create a file when that file already exists: 'D:\\PROJECTS\\CORTEX\\cortex-brain\\documents\\planning\\archive\\2025-12-18\\_backup\\oauth-authentication\\master-plan.md' -> 'D:\\PROJECTS\\CORTEX\\cortex-brain\\documents\\archive\\master-plan.md'
2025-12-24 07:59:01 [ WARNING] Failed to archive D:\PROJECTS\CORTEX\cortex-brain\documents\planning\archive\2025-12-18\_backup\TASK-INJECT-TEST\master-plan.md: [WinError 183] Cannot create a file when that file already exists: 'D:\\PROJECTS\\CORTEX\\cortex-brain\\documents\\planning\\archive\\2025-12-18\\_backup\\TASK-INJECT-TEST\\master-plan.md' -> 'D:\\PROJECTS\\CORTEX\\cortex-brain\\documents\\archive\\master-plan.md'
2025-12-24 07:59:01 [ WARNING] Failed to archive D:\PROJECTS\CORTEX\cortex-brain\documents\planning\archive\2025-12-18\_backup\TEMPLATE-TEST\master-plan.md: [WinError 183] Cannot create a file when that file already exists: 'D:\\PROJECTS\\CORTEX\\cortex-brain\\documents\\planning\\archive\\2025-12-18\\_backup\\TEMPLATE-TEST\\master-plan.md' -> 'D:\\PROJECTS\\CORTEX\\cortex-brain\\documents\\archive\\master-plan.md'
2025-12-24 07:59:01 [ WARNING] Failed to archive D:\PROJECTS\CORTEX\cortex-brain\documents\planning\archive\2025-12-18\_backup\TEST-FEATURE-001\master-plan.md: [WinError 183] Cannot create a file when that file already exists: 'D:\\PROJECTS\\CORTEX\\cortex-brain\\documents\\planning\\archive\\2025-12-18\\_backup\\TEST-FEATURE-001\\master-plan.md' -> 'D:\\PROJECTS\\CORTEX\\cortex-brain\\documents\\archive\\master-plan.md'
2025-12-24 07:59:01 [ WARNING] Failed to archive D:\PROJECTS\CORTEX\cortex-brain\documents\implementation-guides\PHASE-0-TEST-CATEGORIZATION.md: [WinError 183] Cannot create a file when that file already exists: 'D:\\PROJECTS\\CORTEX\\cortex-brain\\documents\\implementation-guides\\PHASE-0-TEST-CATEGORIZATION.md' -> 'D:\\PROJECTS\\CORTEX\\cortex-brain\\documents\\archive\\PHASE-0-TEST-CATEGORIZATION.md'
2025-12-24 07:59:01 [ WARNING] Failed to archive D:\PROJECTS\CORTEX\cortex-brain\documents\summaries\phase-1-completion-summary.md: [WinError 183] Cannot create a file when that file already exists: 'D:\\PROJECTS\\CORTEX\\cortex-brain\\documents\\summaries\\phase-1-completion-summary.md' -> 'D:\\PROJECTS\\CORTEX\\cortex-brain\\documents\\archive\\phase-1-completion-summary.md'
2025-12-24 07:59:01 [ WARNING] Failed to archive D:\PROJECTS\CORTEX\cortex-brain\documents\planning\archive\2025-12-18\_backup\cortex-rearchitecture-v1\reports\phase-2-completion-report.md: [WinError 183] Cannot create a file when that file already exists: 'D:\\PROJECTS\\CORTEX\\cortex-brain\\documents\\planning\\archive\\2025-12-18\\_backup\\cortex-rearchitecture-v1\\reports\\phase-2-completion-report.md' -> 'D:\\PROJECTS\\CORTEX\\cortex-brain\\documents\\archive\\phase-2-completion-report.md'
2025-12-24 07:59:01 [ WARNING] Failed to archive D:\PROJECTS\CORTEX\cortex-brain\documents\summaries\phase-2-completion-summary.md: [WinError 183] Cannot create a file when that file already exists: 'D:\\PROJECTS\\CORTEX\\cortex-brain\\documents\\summaries\\phase-2-completion-summary.md' -> 'D:\\PROJECTS\\CORTEX\\cortex-brain\\documents\\archive\\phase-2-completion-summary.md'
2025-12-24 07:59:01 [ WARNING] Failed to archive D:\PROJECTS\CORTEX\cortex-brain\documents\summaries\phase-3-completion-summary.md: [WinError 183] Cannot create a file when that file already exists: 'D:\\PROJECTS\\CORTEX\\cortex-brain\\documents\\summaries\\phase-3-completion-summary.md' -> 'D:\\PROJECTS\\CORTEX\\cortex-brain\\documents\\archive\\phase-3-completion-summary.md'
2025-12-24 07:59:01 [ WARNING] Failed to archive D:\PROJECTS\CORTEX\cortex-brain\documents\planning\active\discovery-orchestrator-v1\PLAN-SUMMARY.md: [WinError 183] Cannot create a file when that file already exists: 'D:\\PROJECTS\\CORTEX\\cortex-brain\\documents\\planning\\active\\discovery-orchestrator-v1\\PLAN-SUMMARY.md' -> 'D:\\PROJECTS\\CORTEX\\cortex-brain\\documents\\archive\\PLAN-SUMMARY.md'
2025-12-24 07:59:01 [ WARNING] Failed to archive D:\PROJECTS\CORTEX\cortex-brain\documents\analysis\INTELLIGENT-UX-DEMO\QUICK-START.md: [WinError 183] Cannot create a file when that file already exists: 'D:\\PROJECTS\\CORTEX\\cortex-brain\\documents\\analysis\\INTELLIGENT-UX-DEMO\\QUICK-START.md' -> 'D:\\PROJECTS\\CORTEX\\cortex-brain\\documents\\archive\\QUICK-START.md'
2025-12-24 07:59:01 [ WARNING] Failed to archive D:\PROJECTS\CORTEX\cortex-brain\documents\conversation-captures\README.md: [WinError 183] Cannot create a file when that file already exists: 'D:\\PROJECTS\\CORTEX\\cortex-brain\\documents\\conversation-captures\\README.md' -> 'D:\\PROJECTS\\CORTEX\\cortex-brain\\documents\\archive\\README.md'
2025-12-24 07:59:01 [ WARNING] Failed to archive D:\PROJECTS\CORTEX\cortex-brain\documents\implementation-guides\README.md: [WinError 183] Cannot create a file when that file already exists: 'D:\\PROJECTS\\CORTEX\\cortex-brain\\documents\\implementation-guides\\README.md' -> 'D:\\PROJECTS\\CORTEX\\cortex-brain\\documents\\archive\\README.md'
2025-12-24 07:59:01 [ WARNING] Failed to archive D:\PROJECTS\CORTEX\cortex-brain\documents\investigations\README.md: [WinError 183] Cannot create a file when that file already exists: 'D:\\PROJECTS\\CORTEX\\cortex-brain\\documents\\investigations\\README.md' -> 'D:\\PROJECTS\\CORTEX\\cortex-brain\\documents\\archive\\README.md'
2025-12-24 07:59:01 [ WARNING] Failed to archive D:\PROJECTS\CORTEX\cortex-brain\documents\planning\README.md: [WinError 183] Cannot create a file when that file already exists: 'D:\\PROJECTS\\CORTEX\\cortex-brain\\documents\\planning\\README.md' -> 'D:\\PROJECTS\\CORTEX\\cortex-brain\\documents\\archive\\README.md'
2025-12-24 07:59:01 [ WARNING] Failed to archive D:\PROJECTS\CORTEX\cortex-brain\documents\policies\README.md: [WinError 183] Cannot create a file when that file already exists: 'D:\\PROJECTS\\CORTEX\\cortex-brain\\documents\\policies\\README.md' -> 'D:\\PROJECTS\\CORTEX\\cortex-brain\\documents\\archive\\README.md'
2025-12-24 07:59:02 [ WARNING] Failed to archive D:\PROJECTS\CORTEX\cortex-brain\documents\reports\README.md: [WinError 183] Cannot create a file when that file already exists: 'D:\\PROJECTS\\CORTEX\\cortex-brain\\documents\\reports\\README.md' -> 'D:\\PROJECTS\\CORTEX\\cortex-brain\\documents\\archive\\README.md'
2025-12-24 07:59:02 [ WARNING] Failed to archive D:\PROJECTS\CORTEX\cortex-brain\documents\summaries\README.md: [WinError 183] Cannot create a file when that file already exists: 'D:\\PROJECTS\\CORTEX\\cortex-brain\\documents\\summaries\\README.md' -> 'D:\\PROJECTS\\CORTEX\\cortex-brain\\documents\\archive\\README.md'
2025-12-24 07:59:02 [ WARNING] Failed to archive D:\PROJECTS\CORTEX\cortex-brain\documents\planning\orchestrators\README.md: [WinError 183] Cannot create a file when that file already exists: 'D:\\PROJECTS\\CORTEX\\cortex-brain\\documents\\planning\\orchestrators\\README.md' -> 'D:\\PROJECTS\\CORTEX\\cortex-brain\\documents\\archive\\README.md'
2025-12-24 07:59:02 [ WARNING] Failed to archive D:\PROJECTS\CORTEX\cortex-brain\documents\planning\features\temp-plans\TEMP-PLAN-20251216_165525-comprehensive-analysis-of-syst\README.md: [WinError 183] Cannot create a file when that file already exists: 'D:\\PROJECTS\\CORTEX\\cortex-brain\\documents\\planning\\features\\temp-plans\\TEMP-PLAN-20251216_165525-comprehensive-analysis-of-syst\\README.md' -> 'D:\\PROJECTS\\CORTEX\\cortex-brain\\documents\\archive\\README.md'
2025-12-24 07:59:02 [ WARNING] Failed to archive D:\PROJECTS\CORTEX\cortex-brain\documents\planning\features\temp-plans\TEMP-PLAN-20251216_165710-comprehensive-analysis-of-syst\README.md: [WinError 183] Cannot create a file when that file already exists: 'D:\\PROJECTS\\CORTEX\\cortex-brain\\documents\\planning\\features\\temp-plans\\TEMP-PLAN-20251216_165710-comprehensive-analysis-of-syst\\README.md' -> 'D:\\PROJECTS\\CORTEX\\cortex-brain\\documents\\archive\\README.md'
2025-12-24 07:59:02 [ WARNING] Failed to archive D:\PROJECTS\CORTEX\cortex-brain\documents\planning\completed\cortex-lens-v2\README.md: [WinError 183] Cannot create a file when that file already exists: 'D:\\PROJECTS\\CORTEX\\cortex-brain\\documents\\planning\\completed\\cortex-lens-v2\\README.md' -> 'D:\\PROJECTS\\CORTEX\\cortex-brain\\documents\\archive\\README.md'
2025-12-24 07:59:02 [ WARNING] Failed to archive D:\PROJECTS\CORTEX\cortex-brain\documents\planning\completed\orchestrator-enhancement-v1\README.md: [WinError 183] Cannot create a file when that file already exists: 'D:\\PROJECTS\\CORTEX\\cortex-brain\\documents\\planning\\completed\\orchestrator-enhancement-v1\\README.md' -> 'D:\\PROJECTS\\CORTEX\\cortex-brain\\documents\\archive\\README.md'
2025-12-24 07:59:02 [ WARNING] Failed to archive D:\PROJECTS\CORTEX\cortex-brain\documents\planning\completed\orchestrator-enhancement-v2\README.md: [WinError 183] Cannot create a file when that file already exists: 'D:\\PROJECTS\\CORTEX\\cortex-brain\\documents\\planning\\completed\\orchestrator-enhancement-v2\\README.md' -> 'D:\\PROJECTS\\CORTEX\\cortex-brain\\documents\\archive\\README.md'
2025-12-24 07:59:02 [ WARNING] Failed to archive D:\PROJECTS\CORTEX\cortex-brain\documents\planning\archived\legacy-navigation\README.md: [WinError 183] Cannot create a file when that file already exists: 'D:\\PROJECTS\\CORTEX\\cortex-brain\\documents\\planning\\archived\\legacy-navigation\\README.md' -> 'D:\\PROJECTS\\CORTEX\\cortex-brain\\documents\\archive\\README.md'
2025-12-24 07:59:02 [ WARNING] Failed to archive D:\PROJECTS\CORTEX\cortex-brain\documents\planning\archive\2025-12-18\_backup\cortex-rearchitecture-v1\context\README.md: [WinError 183] Cannot create a file when that file already exists: 'D:\\PROJECTS\\CORTEX\\cortex-brain\\documents\\planning\\archive\\2025-12-18\\_backup\\cortex-rearchitecture-v1\\context\\README.md' -> 'D:\\PROJECTS\\CORTEX\\cortex-brain\\documents\\archive\\README.md'
2025-12-24 07:59:02 [ WARNING] Failed to archive D:\PROJECTS\CORTEX\cortex-brain\documents\planning\active\CORTEX-3.0-4.0\README.md: [WinError 183] Cannot create a file when that file already exists: 'D:\\PROJECTS\\CORTEX\\cortex-brain\\documents\\planning\\active\\CORTEX-3.0-4.0\\README.md' -> 'D:\\PROJECTS\\CORTEX\\cortex-brain\\documents\\archive\\README.md'
2025-12-24 07:59:02 [ WARNING] Failed to archive D:\PROJECTS\CORTEX\cortex-brain\documents\planning\active\discovery-orchestrator-v1\README.md: [WinError 183] Cannot create a file when that file already exists: 'D:\\PROJECTS\\CORTEX\\cortex-brain\\documents\\planning\\active\\discovery-orchestrator-v1\\README.md' -> 'D:\\PROJECTS\\CORTEX\\cortex-brain\\documents\\archive\\README.md'
2025-12-24 07:59:02 [ WARNING] Failed to archive D:\PROJECTS\CORTEX\cortex-brain\documents\planning\active\CORTEX-3.0-4.0\archive\README.md: [WinError 183] Cannot create a file when that file already exists: 'D:\\PROJECTS\\CORTEX\\cortex-brain\\documents\\planning\\active\\CORTEX-3.0-4.0\\archive\\README.md' -> 'D:\\PROJECTS\\CORTEX\\cortex-brain\\documents\\archive\\README.md'
2025-12-24 07:59:02 [ WARNING] Failed to archive D:\PROJECTS\CORTEX\cortex-brain\documents\planning\active\CORTEX-3.0-4.0\phases\README.md: [WinError 183] Cannot create a file when that file already exists: 'D:\\PROJECTS\\CORTEX\\cortex-brain\\documents\\planning\\active\\CORTEX-3.0-4.0\\phases\\README.md' -> 'D:\\PROJECTS\\CORTEX\\cortex-brain\\documents\\archive\\README.md'
2025-12-24 07:59:02 [ WARNING] Failed to archive D:\PROJECTS\CORTEX\cortex-brain\documents\learning\ado_workflows\README.md: [WinError 183] Cannot create a file when that file already exists: 'D:\\PROJECTS\\CORTEX\\cortex-brain\\documents\\learning\\ado_workflows\\README.md' -> 'D:\\PROJECTS\\CORTEX\\cortex-brain\\documents\\archive\\README.md'
2025-12-24 07:59:02 [ WARNING] Failed to archive D:\PROJECTS\CORTEX\cortex-brain\documents\learning\milestones\README.md: [WinError 183] Cannot create a file when that file already exists: 'D:\\PROJECTS\\CORTEX\\cortex-brain\\documents\\learning\\milestones\\README.md' -> 'D:\\PROJECTS\\CORTEX\\cortex-brain\\documents\\archive\\README.md'
2025-12-24 07:59:02 [ WARNING] Failed to archive D:\PROJECTS\CORTEX\cortex-brain\documents\learning\planning_strategies\README.md: [WinError 183] Cannot create a file when that file already exists: 'D:\\PROJECTS\\CORTEX\\cortex-brain\\documents\\learning\\planning_strategies\\README.md' -> 'D:\\PROJECTS\\CORTEX\\cortex-brain\\documents\\archive\\README.md'
2025-12-24 07:59:02 [ WARNING] Failed to archive D:\PROJECTS\CORTEX\cortex-brain\documents\guidelines\architecture\README.md: [WinError 183] Cannot create a file when that file already exists: 'D:\\PROJECTS\\CORTEX\\cortex-brain\\documents\\guidelines\\architecture\\README.md' -> 'D:\\PROJECTS\\CORTEX\\cortex-brain\\documents\\archive\\README.md'
2025-12-24 07:59:02 [ WARNING] Failed to archive D:\PROJECTS\CORTEX\cortex-brain\documents\guidelines\architecture\diagrams\README.md: [WinError 183] Cannot create a file when that file already exists: 'D:\\PROJECTS\\CORTEX\\cortex-brain\\documents\\guidelines\\architecture\\diagrams\\README.md' -> 'D:\\PROJECTS\\CORTEX\\cortex-brain\\documents\\archive\\README.md'
2025-12-24 07:59:02 [ WARNING] Failed to archive D:\PROJECTS\CORTEX\cortex-brain\documents\analysis\INTELLIGENT-UX-DEMO\README.md: [WinError 183] Cannot create a file when that file already exists: 'D:\\PROJECTS\\CORTEX\\cortex-brain\\documents\\analysis\\INTELLIGENT-UX-DEMO\\README.md' -> 'D:\\PROJECTS\\CORTEX\\cortex-brain\\documents\\archive\\README.md'
2025-12-24 07:59:02 [ WARNING] Failed to archive D:\PROJECTS\CORTEX\cortex-brain\documents\analysis\mock-enhancement-dashboard\README.md: [WinError 183] Cannot create a file when that file already exists: 'D:\\PROJECTS\\CORTEX\\cortex-brain\\documents\\analysis\\mock-enhancement-dashboard\\README.md' -> 'D:\\PROJECTS\\CORTEX\\cortex-brain\\documents\\archive\\README.md'
2025-12-24 07:59:02 [ WARNING] Failed to archive D:\PROJECTS\CORTEX\cortex-brain\documents\analysis\INTELLIGENT-UX-DEMO\tests\README.md: [WinError 183] Cannot create a file when that file already exists: 'D:\\PROJECTS\\CORTEX\\cortex-brain\\documents\\analysis\\INTELLIGENT-UX-DEMO\\tests\\README.md' -> 'D:\\PROJECTS\\CORTEX\\cortex-brain\\documents\\archive\\README.md'
2025-12-24 07:59:02 [ WARNING] Failed to archive D:\PROJECTS\CORTEX\cortex-brain\documents\planning\archive\2025-12-18\_backup\badmonolith-modernization\REFACTORING-PLAN.md: [WinError 183] Cannot create a file when that file already exists: 'D:\\PROJECTS\\CORTEX\\cortex-brain\\documents\\planning\\archive\\2025-12-18\\_backup\\badmonolith-modernization\\REFACTORING-PLAN.md' -> 'D:\\PROJECTS\\CORTEX\\cortex-brain\\documents\\archive\\REFACTORING-PLAN.md'
2025-12-24 07:59:02 [ WARNING] Failed to archive D:\PROJECTS\CORTEX\cortex-brain\documents\planning\archive\2025-12-18\_backup\badmonolith-modernization\STATUS-REPORT.md: [WinError 183] Cannot create a file when that file already exists: 'D:\\PROJECTS\\CORTEX\\cortex-brain\\documents\\planning\\archive\\2025-12-18\\_backup\\badmonolith-modernization\\STATUS-REPORT.md' -> 'D:\\PROJECTS\\CORTEX\\cortex-brain\\documents\\archive\\STATUS-REPORT.md'
2025-12-24 07:59:02 [ WARNING] Failed to archive D:\PROJECTS\CORTEX\cortex-brain\documents\guides\quick-reference\SYSTEM-ALIGNMENT-QUICK-REF.md: [WinError 183] Cannot create a file when that file already exists: 'D:\\PROJECTS\\CORTEX\\cortex-brain\\documents\\guides\\quick-reference\\SYSTEM-ALIGNMENT-QUICK-REF.md' -> 'D:\\PROJECTS\\CORTEX\\cortex-brain\\documents\\archive\\SYSTEM-ALIGNMENT-QUICK-REF.md'
2025-12-24 07:59:08 [ WARNING] Failed to archive D:\PROJECTS\CORTEX\cortex-brain\documents\architecture\orchestrators\system-maintenance-orchestrator-architecture.md: [WinError 183] Cannot create a file when that file already exists: 'D:\\PROJECTS\\CORTEX\\cortex-brain\\documents\\architecture\\orchestrators\\system-maintenance-orchestrator-architecture.md' -> 'D:\\PROJECTS\\CORTEX\\cortex-brain\\documents\\archive\\system-maintenance-orchestrator-architecture.md'
2025-12-24 07:59:08 [ WARNING] Failed to archive D:\PROJECTS\CORTEX\cortex-brain\documents\planning\active\CORTEX-3.0-4.0\worker-plans\vision-api-activation-guide.md: [WinError 183] Cannot create a file when that file already exists: 'D:\\PROJECTS\\CORTEX\\cortex-brain\\documents\\planning\\active\\CORTEX-3.0-4.0\\worker-plans\\vision-api-activation-guide.md' -> 'D:\\PROJECTS\\CORTEX\\cortex-brain\\documents\\archive\\vision-api-activation-guide.md'
2025-12-24 07:59:08 [ WARNING] Failed to archive D:\PROJECTS\CORTEX\cortex-brain\documents\planning\archive\2025-12-18\_backup\TEST-FEATURE-001\WP01-Foundation.md: [WinError 183] Cannot create a file when that file already exists: 'D:\\PROJECTS\\CORTEX\\cortex-brain\\documents\\planning\\archive\\2025-12-18\\_backup\\TEST-FEATURE-001\\WP01-Foundation.md' -> 'D:\\PROJECTS\\CORTEX\\cortex-brain\\documents\\archive\\WP01-Foundation.md'
2025-12-24 07:59:08 [ WARNING] Failed to archive D:\PROJECTS\CORTEX\cortex-brain\documents\planning\archive\2025-12-18\_backup\TEST-FEATURE-001\WP02-Core-Implementation.md: [WinError 183] Cannot create a file when that file already exists: 'D:\\PROJECTS\\CORTEX\\cortex-brain\\documents\\planning\\archive\\2025-12-18\\_backup\\TEST-FEATURE-001\\WP02-Core-Implementation.md' -> 'D:\\PROJECTS\\CORTEX\\cortex-brain\\documents\\archive\\WP02-Core-Implementation.md'
2025-12-24 07:59:08 [ WARNING] Failed to archive D:\PROJECTS\CORTEX\cortex-brain\documents\planning\archive\2025-12-18\_backup\TEST-FEATURE-001\WP01-Foundation.md: [WinError 183] Cannot create a file when that file already exists: 'D:\\PROJECTS\\CORTEX\\cortex-brain\\documents\\planning\\archive\\2025-12-18\\_backup\\TEST-FEATURE-001\\WP01-Foundation.md' -> 'D:\\PROJECTS\\CORTEX\\cortex-brain\\documents\\archive\\WP01-Foundation.md'
2025-12-24 07:59:09 [ WARNING] Failed to archive D:\PROJECTS\CORTEX\cortex-brain\documents\planning\archive\2025-12-18\_backup\TEST-FEATURE-001\WP02-Core-Implementation.md: [WinError 183] Cannot create a file when that file already exists: 'D:\\PROJECTS\\CORTEX\\cortex-brain\\documents\\planning\\archive\\2025-12-18\\_backup\\TEST-FEATURE-001\\WP02-Core-Implementation.md' -> 'D:\\PROJECTS\\CORTEX\\cortex-brain\\documents\\archive\\WP02-Core-Implementation.md'
2025-12-24 07:59:09 [ WARNING] Failed to archive D:\PROJECTS\CORTEX\cortex-brain\documents\conversation-captures\INDEX.md: [WinError 183] Cannot create a file when that file already exists: 'D:\\PROJECTS\\CORTEX\\cortex-brain\\documents\\conversation-captures\\INDEX.md' -> 'D:\\PROJECTS\\CORTEX\\cortex-brain\\documents\\archive\\INDEX.md'
2025-12-24 07:59:09 [ WARNING] Failed to archive D:\PROJECTS\CORTEX\cortex-brain\documents\implementation-guides\INDEX.md: [WinError 183] Cannot create a file when that file already exists: 'D:\\PROJECTS\\CORTEX\\cortex-brain\\documents\\implementation-guides\\INDEX.md' -> 'D:\\PROJECTS\\CORTEX\\cortex-brain\\documents\\archive\\INDEX.md'
2025-12-24 07:59:09 [ WARNING] Failed to archive D:\PROJECTS\CORTEX\cortex-brain\documents\investigations\INDEX.md: [WinError 183] Cannot create a file when that file already exists: 'D:\\PROJECTS\\CORTEX\\cortex-brain\\documents\\investigations\\INDEX.md' -> 'D:\\PROJECTS\\CORTEX\\cortex-brain\\documents\\archive\\INDEX.md'
2025-12-24 07:59:09 [ WARNING] Failed to archive D:\PROJECTS\CORTEX\cortex-brain\documents\learning-paths\INDEX.md: [WinError 183] Cannot create a file when that file already exists: 'D:\\PROJECTS\\CORTEX\\cortex-brain\\documents\\learning-paths\\INDEX.md' -> 'D:\\PROJECTS\\CORTEX\\cortex-brain\\documents\\archive\\INDEX.md'
2025-12-24 07:59:09 [ WARNING] Failed to archive D:\PROJECTS\CORTEX\cortex-brain\documents\reports\INDEX.md: [WinError 183] Cannot create a file when that file already exists: 'D:\\PROJECTS\\CORTEX\\cortex-brain\\documents\\reports\\INDEX.md' -> 'D:\\PROJECTS\\CORTEX\\cortex-brain\\documents\\archive\\INDEX.md'
2025-12-24 07:59:09 [ WARNING] Failed to archive D:\PROJECTS\CORTEX\cortex-brain\documents\summaries\INDEX.md: [WinError 183] Cannot create a file when that file already exists: 'D:\\PROJECTS\\CORTEX\\cortex-brain\\documents\\summaries\\INDEX.md' -> 'D:\\PROJECTS\\CORTEX\\cortex-brain\\documents\\archive\\INDEX.md'
2025-12-24 07:59:09 [ WARNING] Failed to archive D:\PROJECTS\CORTEX\cortex-brain\documents\planning\archived\legacy-navigation\INDEX.md: [WinError 183] Cannot create a file when that file already exists: 'D:\\PROJECTS\\CORTEX\\cortex-brain\\documents\\planning\\archived\\legacy-navigation\\INDEX.md' -> 'D:\\PROJECTS\\CORTEX\\cortex-brain\\documents\\archive\\INDEX.md'
2025-12-24 07:59:09 [ WARNING] Failed to archive D:\PROJECTS\CORTEX\cortex-brain\documents\planning\archive\2025-12-18\_backup\learning-library\INDEX.md: [WinError 183] Cannot create a file when that file already exists: 'D:\\PROJECTS\\CORTEX\\cortex-brain\\documents\\planning\\archive\\2025-12-18\\_backup\\learning-library\\INDEX.md' -> 'D:\\PROJECTS\\CORTEX\\cortex-brain\\documents\\archive\\INDEX.md'
2025-12-24 07:59:09 [ WARNING] Failed to archive D:\PROJECTS\CORTEX\cortex-brain\documents\conversation-captures\README.md: [WinError 183] Cannot create a file when that file already exists: 'D:\\PROJECTS\\CORTEX\\cortex-brain\\documents\\conversation-captures\\README.md' -> 'D:\\PROJECTS\\CORTEX\\cortex-brain\\documents\\archive\\README.md'
2025-12-24 07:59:09 [ WARNING] Failed to archive D:\PROJECTS\CORTEX\cortex-brain\documents\implementation-guides\README.md: [WinError 183] Cannot create a file when that file already exists: 'D:\\PROJECTS\\CORTEX\\cortex-brain\\documents\\implementation-guides\\README.md' -> 'D:\\PROJECTS\\CORTEX\\cortex-brain\\documents\\archive\\README.md'
2025-12-24 07:59:09 [ WARNING] Failed to archive D:\PROJECTS\CORTEX\cortex-brain\documents\investigations\README.md: [WinError 183] Cannot create a file when that file already exists: 'D:\\PROJECTS\\CORTEX\\cortex-brain\\documents\\investigations\\README.md' -> 'D:\\PROJECTS\\CORTEX\\cortex-brain\\documents\\archive\\README.md'
2025-12-24 07:59:09 [ WARNING] Failed to archive D:\PROJECTS\CORTEX\cortex-brain\documents\planning\README.md: [WinError 183] Cannot create a file when that file already exists: 'D:\\PROJECTS\\CORTEX\\cortex-brain\\documents\\planning\\README.md' -> 'D:\\PROJECTS\\CORTEX\\cortex-brain\\documents\\archive\\README.md'
2025-12-24 07:59:09 [ WARNING] Failed to archive D:\PROJECTS\CORTEX\cortex-brain\documents\policies\README.md: [WinError 183] Cannot create a file when that file already exists: 'D:\\PROJECTS\\CORTEX\\cortex-brain\\documents\\policies\\README.md' -> 'D:\\PROJECTS\\CORTEX\\cortex-brain\\documents\\archive\\README.md'
2025-12-24 07:59:09 [ WARNING] Failed to archive D:\PROJECTS\CORTEX\cortex-brain\documents\reports\README.md: [WinError 183] Cannot create a file when that file already exists: 'D:\\PROJECTS\\CORTEX\\cortex-brain\\documents\\reports\\README.md' -> 'D:\\PROJECTS\\CORTEX\\cortex-brain\\documents\\archive\\README.md'
2025-12-24 07:59:09 [ WARNING] Failed to archive D:\PROJECTS\CORTEX\cortex-brain\documents\summaries\README.md: [WinError 183] Cannot create a file when that file already exists: 'D:\\PROJECTS\\CORTEX\\cortex-brain\\documents\\summaries\\README.md' -> 'D:\\PROJECTS\\CORTEX\\cortex-brain\\documents\\archive\\README.md'
2025-12-24 07:59:09 [ WARNING] Failed to archive D:\PROJECTS\CORTEX\cortex-brain\documents\planning\orchestrators\README.md: [WinError 183] Cannot create a file when that file already exists: 'D:\\PROJECTS\\CORTEX\\cortex-brain\\documents\\planning\\orchestrators\\README.md' -> 'D:\\PROJECTS\\CORTEX\\cortex-brain\\documents\\archive\\README.md'
2025-12-24 07:59:09 [ WARNING] Failed to archive D:\PROJECTS\CORTEX\cortex-brain\documents\planning\features\temp-plans\TEMP-PLAN-20251216_165525-comprehensive-analysis-of-syst\README.md: [WinError 183] Cannot create a file when that file already exists: 'D:\\PROJECTS\\CORTEX\\cortex-brain\\documents\\planning\\features\\temp-plans\\TEMP-PLAN-20251216_165525-comprehensive-analysis-of-syst\\README.md' -> 'D:\\PROJECTS\\CORTEX\\cortex-brain\\documents\\archive\\README.md'
2025-12-24 07:59:09 [ WARNING] Failed to archive D:\PROJECTS\CORTEX\cortex-brain\documents\planning\features\temp-plans\TEMP-PLAN-20251216_165710-comprehensive-analysis-of-syst\README.md: [WinError 183] Cannot create a file when that file already exists: 'D:\\PROJECTS\\CORTEX\\cortex-brain\\documents\\planning\\features\\temp-plans\\TEMP-PLAN-20251216_165710-comprehensive-analysis-of-syst\\README.md' -> 'D:\\PROJECTS\\CORTEX\\cortex-brain\\documents\\archive\\README.md'
2025-12-24 07:59:09 [ WARNING] Failed to archive D:\PROJECTS\CORTEX\cortex-brain\documents\planning\completed\cortex-lens-v2\README.md: [WinError 183] Cannot create a file when that file already exists: 'D:\\PROJECTS\\CORTEX\\cortex-brain\\documents\\planning\\completed\\cortex-lens-v2\\README.md' -> 'D:\\PROJECTS\\CORTEX\\cortex-brain\\documents\\archive\\README.md'
2025-12-24 07:59:09 [ WARNING] Failed to archive D:\PROJECTS\CORTEX\cortex-brain\documents\planning\completed\orchestrator-enhancement-v1\README.md: [WinError 183] Cannot create a file when that file already exists: 'D:\\PROJECTS\\CORTEX\\cortex-brain\\documents\\planning\\completed\\orchestrator-enhancement-v1\\README.md' -> 'D:\\PROJECTS\\CORTEX\\cortex-brain\\documents\\archive\\README.md'
2025-12-24 07:59:09 [ WARNING] Failed to archive D:\PROJECTS\CORTEX\cortex-brain\documents\planning\completed\orchestrator-enhancement-v2\README.md: [WinError 183] Cannot create a file when that file already exists: 'D:\\PROJECTS\\CORTEX\\cortex-brain\\documents\\planning\\completed\\orchestrator-enhancement-v2\\README.md' -> 'D:\\PROJECTS\\CORTEX\\cortex-brain\\documents\\archive\\README.md'
2025-12-24 07:59:09 [ WARNING] Failed to archive D:\PROJECTS\CORTEX\cortex-brain\documents\planning\archived\legacy-navigation\README.md: [WinError 183] Cannot create a file when that file already exists: 'D:\\PROJECTS\\CORTEX\\cortex-brain\\documents\\planning\\archived\\legacy-navigation\\README.md' -> 'D:\\PROJECTS\\CORTEX\\cortex-brain\\documents\\archive\\README.md'
2025-12-24 07:59:09 [ WARNING] Failed to archive D:\PROJECTS\CORTEX\cortex-brain\documents\planning\archive\2025-12-18\_backup\cortex-rearchitecture-v1\context\README.md: [WinError 183] Cannot create a file when that file already exists: 'D:\\PROJECTS\\CORTEX\\cortex-brain\\documents\\planning\\archive\\2025-12-18\\_backup\\cortex-rearchitecture-v1\\context\\README.md' -> 'D:\\PROJECTS\\CORTEX\\cortex-brain\\documents\\archive\\README.md'
2025-12-24 07:59:09 [ WARNING] Failed to archive D:\PROJECTS\CORTEX\cortex-brain\documents\planning\active\CORTEX-3.0-4.0\README.md: [WinError 183] Cannot create a file when that file already exists: 'D:\\PROJECTS\\CORTEX\\cortex-brain\\documents\\planning\\active\\CORTEX-3.0-4.0\\README.md' -> 'D:\\PROJECTS\\CORTEX\\cortex-brain\\documents\\archive\\README.md'
2025-12-24 07:59:09 [ WARNING] Failed to archive D:\PROJECTS\CORTEX\cortex-brain\documents\planning\active\discovery-orchestrator-v1\README.md: [WinError 183] Cannot create a file when that file already exists: 'D:\\PROJECTS\\CORTEX\\cortex-brain\\documents\\planning\\active\\discovery-orchestrator-v1\\README.md' -> 'D:\\PROJECTS\\CORTEX\\cortex-brain\\documents\\archive\\README.md'
2025-12-24 07:59:09 [ WARNING] Failed to archive D:\PROJECTS\CORTEX\cortex-brain\documents\planning\active\CORTEX-3.0-4.0\archive\README.md: [WinError 183] Cannot create a file when that file already exists: 'D:\\PROJECTS\\CORTEX\\cortex-brain\\documents\\planning\\active\\CORTEX-3.0-4.0\\archive\\README.md' -> 'D:\\PROJECTS\\CORTEX\\cortex-brain\\documents\\archive\\README.md'
2025-12-24 07:59:09 [ WARNING] Failed to archive D:\PROJECTS\CORTEX\cortex-brain\documents\planning\active\CORTEX-3.0-4.0\phases\README.md: [WinError 183] Cannot create a file when that file already exists: 'D:\\PROJECTS\\CORTEX\\cortex-brain\\documents\\planning\\active\\CORTEX-3.0-4.0\\phases\\README.md' -> 'D:\\PROJECTS\\CORTEX\\cortex-brain\\documents\\archive\\README.md'
2025-12-24 07:59:09 [ WARNING] Failed to archive D:\PROJECTS\CORTEX\cortex-brain\documents\learning\ado_workflows\README.md: [WinError 183] Cannot create a file when that file already exists: 'D:\\PROJECTS\\CORTEX\\cortex-brain\\documents\\learning\\ado_workflows\\README.md' -> 'D:\\PROJECTS\\CORTEX\\cortex-brain\\documents\\archive\\README.md'
2025-12-24 07:59:09 [ WARNING] Failed to archive D:\PROJECTS\CORTEX\cortex-brain\documents\learning\milestones\README.md: [WinError 183] Cannot create a file when that file already exists: 'D:\\PROJECTS\\CORTEX\\cortex-brain\\documents\\learning\\milestones\\README.md' -> 'D:\\PROJECTS\\CORTEX\\cortex-brain\\documents\\archive\\README.md'
2025-12-24 07:59:09 [ WARNING] Failed to archive D:\PROJECTS\CORTEX\cortex-brain\documents\learning\planning_strategies\README.md: [WinError 183] Cannot create a file when that file already exists: 'D:\\PROJECTS\\CORTEX\\cortex-brain\\documents\\learning\\planning_strategies\\README.md' -> 'D:\\PROJECTS\\CORTEX\\cortex-brain\\documents\\archive\\README.md'
2025-12-24 07:59:09 [ WARNING] Failed to archive D:\PROJECTS\CORTEX\cortex-brain\documents\guidelines\architecture\README.md: [WinError 183] Cannot create a file when that file already exists: 'D:\\PROJECTS\\CORTEX\\cortex-brain\\documents\\guidelines\\architecture\\README.md' -> 'D:\\PROJECTS\\CORTEX\\cortex-brain\\documents\\archive\\README.md'
2025-12-24 07:59:09 [ WARNING] Failed to archive D:\PROJECTS\CORTEX\cortex-brain\documents\guidelines\architecture\diagrams\README.md: [WinError 183] Cannot create a file when that file already exists: 'D:\\PROJECTS\\CORTEX\\cortex-brain\\documents\\guidelines\\architecture\\diagrams\\README.md' -> 'D:\\PROJECTS\\CORTEX\\cortex-brain\\documents\\archive\\README.md'
2025-12-24 07:59:09 [ WARNING] Failed to archive D:\PROJECTS\CORTEX\cortex-brain\documents\conversation-captures\README.md: [WinError 183] Cannot create a file when that file already exists: 'D:\\PROJECTS\\CORTEX\\cortex-brain\\documents\\conversation-captures\\README.md' -> 'D:\\PROJECTS\\CORTEX\\cortex-brain\\documents\\archive\\README.md'
2025-12-24 07:59:09 [ WARNING] Failed to archive D:\PROJECTS\CORTEX\cortex-brain\documents\conversation-captures\README.md: [WinError 183] Cannot create a file when that file already exists: 'D:\\PROJECTS\\CORTEX\\cortex-brain\\documents\\conversation-captures\\README.md' -> 'D:\\PROJECTS\\CORTEX\\cortex-brain\\documents\\archive\\README.md'
2025-12-24 07:59:09 [ WARNING] Failed to archive D:\PROJECTS\CORTEX\cortex-brain\documents\analysis\INTELLIGENT-UX-DEMO\tests\README.md: [WinError 183] Cannot create a file when that file already exists: 'D:\\PROJECTS\\CORTEX\\cortex-brain\\documents\\analysis\\INTELLIGENT-UX-DEMO\\tests\\README.md' -> 'D:\\PROJECTS\\CORTEX\\cortex-brain\\documents\\archive\\README.md'
2025-12-24 07:59:09 [ WARNING] Failed to archive D:\PROJECTS\CORTEX\cortex-brain\documents\implementation-guides\INDEX.md: [WinError 183] Cannot create a file when that file already exists: 'D:\\PROJECTS\\CORTEX\\cortex-brain\\documents\\implementation-guides\\INDEX.md' -> 'D:\\PROJECTS\\CORTEX\\cortex-brain\\documents\\archive\\INDEX.md'
2025-12-24 07:59:09 [ WARNING] Failed to archive D:\PROJECTS\CORTEX\cortex-brain\documents\investigations\INDEX.md: [WinError 183] Cannot create a file when that file already exists: 'D:\\PROJECTS\\CORTEX\\cortex-brain\\documents\\investigations\\INDEX.md' -> 'D:\\PROJECTS\\CORTEX\\cortex-brain\\documents\\archive\\INDEX.md'
2025-12-24 07:59:09 [ WARNING] Failed to archive D:\PROJECTS\CORTEX\cortex-brain\documents\learning-paths\INDEX.md: [WinError 183] Cannot create a file when that file already exists: 'D:\\PROJECTS\\CORTEX\\cortex-brain\\documents\\learning-paths\\INDEX.md' -> 'D:\\PROJECTS\\CORTEX\\cortex-brain\\documents\\archive\\INDEX.md'
2025-12-24 07:59:09 [ WARNING] Failed to archive D:\PROJECTS\CORTEX\cortex-brain\documents\reports\INDEX.md: [WinError 183] Cannot create a file when that file already exists: 'D:\\PROJECTS\\CORTEX\\cortex-brain\\documents\\reports\\INDEX.md' -> 'D:\\PROJECTS\\CORTEX\\cortex-brain\\documents\\archive\\INDEX.md'
2025-12-24 07:59:09 [ WARNING] Failed to archive D:\PROJECTS\CORTEX\cortex-brain\documents\summaries\INDEX.md: [WinError 183] Cannot create a file when that file already exists: 'D:\\PROJECTS\\CORTEX\\cortex-brain\\documents\\summaries\\INDEX.md' -> 'D:\\PROJECTS\\CORTEX\\cortex-brain\\documents\\archive\\INDEX.md'
2025-12-24 07:59:09 [ WARNING] Failed to archive D:\PROJECTS\CORTEX\cortex-brain\documents\planning\archived\legacy-navigation\INDEX.md: [WinError 183] Cannot create a file when that file already exists: 'D:\\PROJECTS\\CORTEX\\cortex-brain\\documents\\planning\\archived\\legacy-navigation\\INDEX.md' -> 'D:\\PROJECTS\\CORTEX\\cortex-brain\\documents\\archive\\INDEX.md'
2025-12-24 07:59:09 [ WARNING] Failed to archive D:\PROJECTS\CORTEX\cortex-brain\documents\planning\archive\2025-12-18\_backup\learning-library\INDEX.md: [WinError 183] Cannot create a file when that file already exists: 'D:\\PROJECTS\\CORTEX\\cortex-brain\\documents\\planning\\archive\\2025-12-18\\_backup\\learning-library\\INDEX.md' -> 'D:\\PROJECTS\\CORTEX\\cortex-brain\\documents\\archive\\INDEX.md'
2025-12-24 07:59:09 [ WARNING] Failed to archive D:\PROJECTS\CORTEX\cortex-brain\documents\implementation-guides\PHASE-0-TEST-CATEGORIZATION.md: [WinError 183] Cannot create a file when that file already exists: 'D:\\PROJECTS\\CORTEX\\cortex-brain\\documents\\implementation-guides\\PHASE-0-TEST-CATEGORIZATION.md' -> 'D:\\PROJECTS\\CORTEX\\cortex-brain\\documents\\archive\\PHASE-0-TEST-CATEGORIZATION.md'
2025-12-24 07:59:09 [ WARNING] Failed to archive D:\PROJECTS\CORTEX\cortex-brain\documents\implementation-guides\README.md: [WinError 183] Cannot create a file when that file already exists: 'D:\\PROJECTS\\CORTEX\\cortex-brain\\documents\\implementation-guides\\README.md' -> 'D:\\PROJECTS\\CORTEX\\cortex-brain\\documents\\archive\\README.md'
2025-12-24 07:59:09 [ WARNING] Failed to archive D:\PROJECTS\CORTEX\cortex-brain\documents\investigations\README.md: [WinError 183] Cannot create a file when that file already exists: 'D:\\PROJECTS\\CORTEX\\cortex-brain\\documents\\investigations\\README.md' -> 'D:\\PROJECTS\\CORTEX\\cortex-brain\\documents\\archive\\README.md'
2025-12-24 07:59:09 [ WARNING] Failed to archive D:\PROJECTS\CORTEX\cortex-brain\documents\planning\README.md: [WinError 183] Cannot create a file when that file already exists: 'D:\\PROJECTS\\CORTEX\\cortex-brain\\documents\\planning\\README.md' -> 'D:\\PROJECTS\\CORTEX\\cortex-brain\\documents\\archive\\README.md'
[...]
2025-12-24 07:59:09 [ WARNING] Failed to archive D:\PROJECTS\CORTEX\cortex-brain\documents\guidelines\architecture\diagrams\README.md: [WinError 183] Cannot create a file when that file already exists: 'D:\\PROJECTS\\CORTEX\\cortex-brain\\documents\\guidelines\\architecture\\diagrams\\README.md' -> 'D:\\PROJECTS\\CORTEX\\cortex-brain\\documents\\archive\\README.md'
2025-12-24 07:59:09 [ WARNING] Failed to archive D:\PROJECTS\CORTEX\cortex-brain\documents\guidelines\architecture\diagrams\README.md: [WinError 183] Cannot create a file when that file already exists: 'D:\\PROJECTS\\CORTEX\\cortex-brain\\documents\\guidelines\\architecture\\diagrams\\README.md' -> 'D:\\PROJECTS\\CORTEX\\cortex-brain\\documents\\archive\\README.md'
2025-12-24 07:59:09 [ WARNING] Failed to archive D:\PROJECTS\CORTEX\cortex-brain\documents\guidelines\architecture\diagrams\README.md: [WinError 183] Cannot create a file when that file already exists: 'D:\\PROJECTS\\CORTEX\\cortex-brain\\documents\\guidelines\\architecture\\diagrams\\README.md' -> 'D:\\PROJECTS\\CORTEX\\cortex-brain\\documents\\archive\\README.md'
2025-12-24 07:59:09 [ WARNING] Failed to archive D:\PROJECTS\CORTEX\cortex-brain\documents\analysis\INTELLIGENT-UX-DEMO\tests\README.md: [WinError 183] Cannot create a file when that file already exists: 'D:\\PROJECTS\\CORTEX\\cortex-brain\\documents\\analysis\\INTELLIGENT-UX-DEMO\\tests\\README.md' -> 'D:\\PROJECTS\\CORTEX\\cortex-brain\\documents\\archive\\README.md'
2025-12-24 07:59:09 [ WARNING] Failed to archive D:\PROJECTS\CORTEX\cortex-brain\documents\evidence-templates\git\GIT_CHECKPOINT_ENFORCEMENT.md: [WinError 183] Cannot create a file when that file already exists: 'D:\\PROJECTS\\CORTEX\\cortex-brain\\documents\\evidence-templates\\git\\GIT_CHECKPOINT_ENFORCEMENT.md' -> 'D:\\PROJECTS\\CORTEX\\cortex-brain\\documents\\archive\\GIT_CHECKPOINT_ENFORCEMENT.md'
2025-12-24 07:59:09 [ WARNING] Failed to archive D:\PROJECTS\CORTEX\cortex-brain\documents\evidence-templates\git\PREVENT_DIRTY_STATE_WORK.md: [WinError 183] Cannot create a file when that file already exists: 'D:\\PROJECTS\\CORTEX\\cortex-brain\\documents\\evidence-templates\\git\\PREVENT_DIRTY_STATE_WORK.md' -> 'D:\\PROJECTS\\CORTEX\\cortex-brain\\documents\\archive\\PREVENT_DIRTY_STATE_WORK.md'
2025-12-24 07:59:09 [ WARNING] Failed to archive D:\PROJECTS\CORTEX\cortex-brain\documents\evidence-templates\misc\CORTEX_PROMPT_FILE_PROTECTION.md: [WinError 183] Cannot create a file when that file already exists: 'D:\\PROJECTS\\CORTEX\\cortex-brain\\documents\\evidence-templates\\misc\\CORTEX_PROMPT_FILE_PROTECTION.md' -> 'D:\\PROJECTS\\CORTEX\\cortex-brain\\documents\\archive\\CORTEX_PROMPT_FILE_PROTECTION.md'
2025-12-24 07:59:09 [ WARNING] Failed to archive D:\PROJECTS\CORTEX\cortex-brain\documents\evidence-templates\misc\CORTEX_WORKSPACE_ISOLATION.md: [WinError 183] Cannot create a file when that file already exists: 'D:\\PROJECTS\\CORTEX\\cortex-brain\\documents\\evidence-templates\\misc\\CORTEX_WORKSPACE_ISOLATION.md' -> 'D:\\PROJECTS\\CORTEX\\cortex-brain\\documents\\archive\\CORTEX_WORKSPACE_ISOLATION.md'
2025-12-24 07:59:09 [ WARNING] Failed to archive D:\PROJECTS\CORTEX\cortex-brain\documents\evidence-templates\misc\NO_ROOT_SUMMARY_DOCUMENTS.md: [WinError 183] Cannot create a file when that file already exists: 'D:\\PROJECTS\\CORTEX\\cortex-brain\\documents\\evidence-templates\\misc\\NO_ROOT_SUMMARY_DOCUMENTS.md' -> 'D:\\PROJECTS\\CORTEX\\cortex-brain\\documents\\archive\\NO_ROOT_SUMMARY_DOCUMENTS.md'
2025-12-24 07:59:09 [ WARNING] Failed to archive D:\PROJECTS\CORTEX\cortex-brain\documents\evidence-templates\misc\YAML_ONLY_PLANNING.md: [WinError 183] Cannot create a file when that file already exists: 'D:\\PROJECTS\\CORTEX\\cortex-brain\\documents\\evidence-templates\\misc\\YAML_ONLY_PLANNING.md' -> 'D:\\PROJECTS\\CORTEX\\cortex-brain\\documents\\archive\\YAML_ONLY_PLANNING.md'
2025-12-24 07:59:09 [ WARNING] Failed to archive D:\PROJECTS\CORTEX\cortex-brain\documents\evidence-templates\planning\INCREMENTAL_PLAN_GENERATION.md: [WinError 183] Cannot create a file when that file already exists: 'D:\\PROJECTS\\CORTEX\\cortex-brain\\documents\\evidence-templates\\planning\\INCREMENTAL_PLAN_GENERATION.md' -> 'D:\\PROJECTS\\CORTEX\\cortex-brain\\documents\\archive\\INCREMENTAL_PLAN_GENERATION.md'
2025-12-24 07:59:09 [ WARNING] Failed to archive D:\PROJECTS\CORTEX\cortex-brain\documents\architecture\orchestrators\code-sanitization-orchestrator-architecture.md: [WinError 183] Cannot create a file when that file already exists: 'D:\\PROJECTS\\CORTEX\\cortex-brain\\documents\\architecture\\orchestrators\\code-sanitization-orchestrator-architecture.md' -> 'D:\\PROJECTS\\CORTEX\\cortex-brain\\documents\\archive\\code-sanitization-orchestrator-architecture.md'
2025-12-24 07:59:09 [ WARNING] Failed to archive D:\PROJECTS\CORTEX\cortex-brain\documents\architecture\orchestrators\system-maintenance-orchestrator-architecture.md: [WinError 183] Cannot create a file when that file already exists: 'D:\\PROJECTS\\CORTEX\\cortex-brain\\documents\\architecture\\orchestrators\\system-maintenance-orchestrator-architecture.md' -> 'D:\\PROJECTS\\CORTEX\\cortex-brain\\documents\\archive\\system-maintenance-orchestrator-architecture.md'
2025-12-24 07:59:09 [ WARNING] Failed to archive D:\PROJECTS\CORTEX\cortex-brain\documents\analysis\INTELLIGENT-UX-DEMO\PHASE-1-COMPLETION.md: [WinError 183] Cannot create a file when that file already exists: 'D:\\PROJECTS\\CORTEX\\cortex-brain\\documents\\analysis\\INTELLIGENT-UX-DEMO\\PHASE-1-COMPLETION.md' -> 'D:\\PROJECTS\\CORTEX\\cortex-brain\\documents\\archive\\PHASE-1-COMPLETION.md'
2025-12-24 07:59:09 [ WARNING] Failed to archive D:\PROJECTS\CORTEX\cortex-brain\documents\analysis\INTELLIGENT-UX-DEMO\QUICK-START.md: [WinError 183] Cannot create a file when that file already exists: 'D:\\PROJECTS\\CORTEX\\cortex-brain\\documents\\analysis\\INTELLIGENT-UX-DEMO\\QUICK-START.md' -> 'D:\\PROJECTS\\CORTEX\\cortex-brain\\documents\\archive\\QUICK-START.md'
2025-12-24 07:59:09 [ WARNING] Failed to archive D:\PROJECTS\CORTEX\cortex-brain\documents\analysis\INTELLIGENT-UX-DEMO\README.md: [WinError 183] Cannot create a file when that file already exists: 'D:\\PROJECTS\\CORTEX\\cortex-brain\\documents\\analysis\\INTELLIGENT-UX-DEMO\\README.md' -> 'D:\\PROJECTS\\CORTEX\\cortex-brain\\documents\\archive\\README.md'
2025-12-24 07:59:09 [ WARNING] Failed to archive D:\PROJECTS\CORTEX\cortex-brain\documents\analysis\mock-enhancement-dashboard\README.md: [WinError 183] Cannot create a file when that file already exists: 'D:\\PROJECTS\\CORTEX\\cortex-brain\\documents\\analysis\\mock-enhancement-dashboard\\README.md' -> 'D:\\PROJECTS\\CORTEX\\cortex-brain\\documents\\archive\\README.md'
2025-12-24 07:59:09 [ WARNING] Failed to archive D:\PROJECTS\CORTEX\cortex-brain\documents\analysis\INTELLIGENT-UX-DEMO\tests\README.md: [WinError 183] Cannot create a file when that file already exists: 'D:\\PROJECTS\\CORTEX\\cortex-brain\\documents\\analysis\\INTELLIGENT-UX-DEMO\\tests\\README.md' -> 'D:\\PROJECTS\\CORTEX\\cortex-brain\\documents\\archive\\README.md'
2025-12-24 07:59:09 [ WARNING] Failed to archive D:\PROJECTS\CORTEX\cortex-brain\documents\analysis\mock-enhancement-dashboard\README.md: [WinError 183] Cannot create a file when that file already exists: 'D:\\PROJECTS\\CORTEX\\cortex-brain\\documents\\analysis\\mock-enhancement-dashboard\\README.md' -> 'D:\\PROJECTS\\CORTEX\\cortex-brain\\documents\\archive\\README.md'
2025-12-24 07:59:09 [ WARNING] Failed to archive D:\PROJECTS\CORTEX\cortex-brain\documents\analysis\INTELLIGENT-UX-DEMO\tests\README.md: [WinError 183] Cannot create a file when that file already exists: 'D:\\PROJECTS\\CORTEX\\cortex-brain\\documents\\analysis\\INTELLIGENT-UX-DEMO\\tests\\README.md' -> 'D:\\PROJECTS\\CORTEX\\cortex-brain\\documents\\archive\\README.md'
2025-12-24 07:59:09 [ WARNING] Failed to archive D:\PROJECTS\CORTEX\cortex-brain\documents\analysis\INTELLIGENT-UX-DEMO\tests\README.md: [WinError 183] Cannot create a file when that file already exists: 'D:\\PROJECTS\\CORTEX\\cortex-brain\\documents\\analysis\\INTELLIGENT-UX-DEMO\\tests\\README.md' -> 'D:\\PROJECTS\\CORTEX\\cortex-brain\\documents\\archive\\README.md'
warning: in the working copy of 'test_output.txt', CRLF will be replaced by LF the next time Git touches it
FAILED
tests/orchestrators/maintenance/test_maintenance_orchestrator_v3.py::TestOptimizePhase::test_optimize_phase_returns_metrics 
------------------------------- live log setup --------------------------------
2025-12-24 07:59:10 [    INFO] \U0001f3ad Orchestrator initialized: maintenance_v3\n2025-12-24 07:59:10 [    INFO] \U0001f3ad Maintenance Orchestrator v3.0 initialized\n-------------------------------- live log call --------------------------------
2025-12-24 07:59:10 [    INFO] Running optimize phase...
2025-12-24 07:59:10 [    INFO] ================================================================================
2025-12-24 07:59:10 [    INFO] CORTEX OPTIMIZATION ORCHESTRATOR
2025-12-24 07:59:10 [    INFO] ================================================================================
2025-12-24 07:59:10 [    INFO] 
[Phase 0] Reviewing instruction files holistically...
2025-12-24 07:59:10 [    INFO] \U0001f4c4 Reading instruction files...\n2025-12-24 07:59:10 [    INFO]    CORTEX.prompt.md: 406 lines
2025-12-24 07:59:10 [    INFO]    copilot-instructions.md: 301 lines
2025-12-24 07:59:10 [    INFO] \U0001f50d Analyzing content redundancy...\n2025-12-24 07:59:10 [    INFO]    \u26a0\ufe0f  Found 1 redundant sections\n2025-12-24 07:59:10 [    INFO] \U0001f50d Validating trigger patterns...\n2025-12-24 07:59:10 [    INFO]    \u26a0\ufe0f  9 triggers need attention\n2025-12-24 07:59:10 [    INFO] \U0001f50d Checking for outdated references...\n2025-12-24 07:59:10 [    INFO]    \u26a0\ufe0f  Found 17 outdated references\n2025-12-24 07:59:10 [    INFO] \U0001f50d Analyzing token efficiency...\n2025-12-24 07:59:10 [    INFO] \n\U0001f4cb Instruction File Optimization Recommendations:\n2025-12-24 07:59:10 [    INFO]    1. Consolidate '\U0001f6a8 Common Pitfalls' and '\U0001f6a8 Common Pitfalls' (84% similar, 407 chars)\n2025-12-24 07:59:10 [    INFO]    2. Add trigger 'introduce yourself' to copilot-instructions.md for consistency
2025-12-24 07:59:10 [    INFO]    3. Add trigger 'sanitize [directory]' to copilot-instructions.md for consistency
2025-12-24 07:59:10 [    INFO]    4. Add trigger 'refine' to copilot-instructions.md for consistency
2025-12-24 07:59:10 [    INFO]    5. Add trigger 'align' to copilot-instructions.md for consistency
2025-12-24 07:59:10 [    INFO]    ... and 22 more
2025-12-24 07:59:10 [    INFO] \u2139\ufe0f  Instruction files are lean and complete\n2025-12-24 07:59:10 [    INFO] 
[Phase 1] Validating planning rules...
2025-12-24 07:59:10 [    INFO] Validating planning rules and quality standards...
2025-12-24 07:59:10 [ WARNING] DoR checklist not found: D:\PROJECTS\CORTEX\cortex-brain\templates\planning\dor-checklist.yaml
2025-12-24 07:59:10 [ WARNING] TDD framework not found: D:\PROJECTS\CORTEX\cortex-brain\components\development-executor\tdd-framework.yaml
2025-12-24 07:59:10 [ WARNING] Clean code gates not found: D:\PROJECTS\CORTEX\cortex-brain\components\development-executor\clean-code-gates.yaml
2025-12-24 07:59:10 [ WARNING] Security gates not found: D:\PROJECTS\CORTEX\cortex-brain\components\development-executor\security-gates.yaml
2025-12-24 07:59:10 [    INFO] Plans validated: 67/67
2025-12-24 07:59:10 [    INFO] Compliance rate: 55.2%
2025-12-24 07:59:10 [    INFO] Blocking issues: 30
2025-12-24 07:59:10 [    INFO] Warnings: 37
2025-12-24 07:59:10 [    INFO] \n\U0001f4cb Planning Quality Recommendations:\n2025-12-24 07:59:10 [    INFO] \u26a0\ufe0f  BLOCKING ISSUES DETECTED: Address these before proceeding with development\n2025-12-24 07:59:10 [    INFO] 
SECURITY Issues (28):
2025-12-24 07:59:10 [    INFO]   ò Security-sensitive feature detected without security review
2025-12-24 07:59:10 [    INFO]     \u2192 Add OWASP Top 10 security checklist section\n2025-12-24 07:59:10 [    INFO]   ò Security-sensitive feature detected without security review
2025-12-24 07:59:10 [    INFO]     \u2192 Add OWASP Top 10 security checklist section\n2025-12-24 07:59:10 [    INFO]   ò Security-sensitive feature detected without security review
2025-12-24 07:59:10 [    INFO]     \u2192 Add OWASP Top 10 security checklist section\n2025-12-24 07:59:10 [    INFO] 
PLANNING_ORGANIZATION Issues (2):
2025-12-24 07:59:10 [    INFO]   ò Generic folder name 'cortex-enhancements' violates SEMANTIC_PLANNING_ORGANIZATION_ENFORCEMENT
2025-12-24 07:59:10 [    INFO]     \u2192 Move to semantic folder like: {feature-name-v{version}}/\n2025-12-24 07:59:10 [    INFO]   ò Generic folder name 'cortex-enhancements' violates SEMANTIC_PLANNING_ORGANIZATION_ENFORCEMENT
2025-12-24 07:59:10 [    INFO]     \u2192 Move to semantic folder like: {feature-name-v{version}}/\n2025-12-24 07:59:10 [    INFO] \n\u26a0\ufe0f  37 warnings detected - address to improve plan quality\n2025-12-24 07:59:10 [    INFO] \n\U0001f4ca Compliance rate: 55.2% - Target: 80%+\n2025-12-24 07:59:10 [    INFO]    \u2192 Review non-compliant plans and update to meet DoR standards\n2025-12-24 07:59:10 [ WARNING] Planning validation found issues - recommendations provided
2025-12-24 07:59:10 [    INFO] 
[Phase 2] Running SKULL tests...
2025-12-24 07:59:10 [    INFO] Running SKULL protection tests...
2025-12-24 07:59:13 [    INFO] Tests run: 2
2025-12-24 07:59:13 [    INFO] Tests passed: 2
2025-12-24 07:59:13 [    INFO] Tests failed: 0
2025-12-24 07:59:13 [    INFO] \u2705 All SKULL tests passed - brain protection intact\n2025-12-24 07:59:13 [    INFO] 
[Phase 2.3] Scanning and fixing hardcoded paths...
2025-12-24 07:59:13 [    INFO] Scanning for hardcoded paths...
2025-12-24 07:59:13 [    INFO] ================================================================================
2025-12-24 07:59:13 [    INFO] HARDCODED DATA CLEANER
2025-12-24 07:59:13 [    INFO] ================================================================================
2025-12-24 07:59:13 [    INFO] 
Scanning: D:\PROJECTS\CORTEX\src
2025-12-24 07:59:16 [ WARNING] Syntax error in D:\PROJECTS\CORTEX\src\plugins\performance_telemetry_plugin.py, skipping AST analysis
2025-12-24 07:59:16 [ WARNING] Syntax error in D:\PROJECTS\CORTEX\src\policy\policy_test_generator.py, skipping AST analysis
2025-12-24 07:59:16 [ WARNING] Syntax error in D:\PROJECTS\CORTEX\src\tier0\copilot_instructions_generator.py, skipping AST analysis
2025-12-24 07:59:17 [ WARNING] Syntax error in D:\PROJECTS\CORTEX\src\utils\doc_sync_hooks.py, skipping AST analysis
2025-12-24 07:59:18 [ WARNING] Syntax error in D:\PROJECTS\CORTEX\src\workflows\tdd_workflow_orchestrator.py, skipping AST analysis
2025-12-24 07:59:18 [ WARNING] Syntax error in D:\PROJECTS\CORTEX\src\tier3\schema_migrations\migration_006_adoption_analytics.py, skipping AST analysis
2025-12-24 07:59:19 [ WARNING] Syntax error in D:\PROJECTS\CORTEX\src\orchestrators\story_enhancement\modules\dalle_prompt_generator.py, skipping AST analysis
2025-12-24 07:59:19 [ WARNING] Syntax error in D:\PROJECTS\CORTEX\src\operations\modules\implants_commands.py, skipping AST analysis
2025-12-24 07:59:20 [ WARNING] Syntax error in D:\PROJECTS\CORTEX\src\operations\modules\checkpoints\checkpoint_utility.py, skipping AST analysis
2025-12-24 07:59:20 [ WARNING] Syntax error in D:\PROJECTS\CORTEX\src\operations\modules\dashboard\learning_dashboard_launcher.py, skipping AST analysis
2025-12-24 07:59:21 [ WARNING] Syntax error in D:\PROJECTS\CORTEX\src\operations\modules\metrics\metrics_utility.py, skipping AST analysis
2025-12-24 07:59:21 [ WARNING] Syntax error in D:\PROJECTS\CORTEX\src\operations\modules\questions\template_selector.py, skipping AST analysis
2025-12-24 07:59:22 [ WARNING] Syntax error in D:\PROJECTS\CORTEX\src\operations\modules\validation\session_utility.py, skipping AST analysis
2025-12-24 07:59:22 [ WARNING] Syntax error in D:\PROJECTS\CORTEX\src\epmo\documentation\image_prompt_bridge.py, skipping AST analysis
2025-12-24 07:59:23 [ WARNING] Syntax error in D:\PROJECTS\CORTEX\src\dashboard\analyzers\validate_analyzers.py, skipping AST analysis
2025-12-24 07:59:24 [    INFO] 
Scanning: D:\PROJECTS\CORTEX\tests
2025-12-24 07:59:25 [    INFO] 
Scanning: D:\PROJECTS\CORTEX\.github
2025-12-24 07:59:25 [    INFO] 
Scanning: D:\PROJECTS\CORTEX\cortex-brain\documents
2025-12-24 07:59:25 [    INFO] \n\U0001f527 Attempting automatic path fixes...\n2025-12-24 07:59:25 [    INFO] \u2139\ufe0f  No paths were automatically fixed\n2025-12-24 07:59:25 [    INFO] 
================================================================================
2025-12-24 07:59:25 [    INFO] SCAN COMPLETE
2025-12-24 07:59:25 [    INFO] ================================================================================
2025-12-24 07:59:25 [    INFO] Files scanned: 1596
2025-12-24 07:59:25 [    INFO] Violations found: 3466
2025-12-24 07:59:25 [    INFO]   CRITICAL: 305
2025-12-24 07:59:25 [    INFO]   HIGH: 2186
2025-12-24 07:59:25 [    INFO]   MEDIUM: 975
2025-12-24 07:59:25 [    INFO]   LOW: 0
2025-12-24 07:59:25 [    INFO] Clean files: 696
2025-12-24 07:59:25 [   ERROR] Path cleanup error: 'OptimizationMetrics' object has no attribute 'optimizations_attempted'
Traceback (most recent call last):
  File "D:\PROJECTS\CORTEX\src\operations\modules\optimization\optimize_cortex_orchestrator.py", line 1338, in _cleanup_hardcoded_paths
    metrics.optimizations_attempted += 1
    ^^^^^^^^^^^^^^^^^^^^^^^^^^^^^^^
AttributeError: 'OptimizationMetrics' object has no attribute 'optimizations_attempted'. Did you mean: 'optimizations_applied'?
2025-12-24 07:59:25 [ WARNING] \u26a0\ufe0f Path cleanup encountered issues: 'OptimizationMetrics' object has no attribute 'optimizations_attempted'\n2025-12-24 07:59:25 [    INFO] 
[Phase 2.5] Running system alignment check...
2025-12-24 07:59:25 [    INFO] 
[Phase 2.7] Checking brain health...
2025-12-24 07:59:25 [ WARNING] \u26a0\ufe0f Brain health issues detected:\n2025-12-24 07:59:25 [ WARNING]   - Tier 0: Brain protection rules missing
2025-12-24 07:59:25 [ WARNING]   - Tier 3: Git metrics collection inactive
2025-12-24 07:59:25 [    INFO] \U0001f4a1 Run 'optimize cortex system' with brain_tuning enabled for full remediation\n2025-12-24 07:59:25 [    INFO] 
[Phase 3] Analyzing CORTEX architecture...
2025-12-24 07:59:25 [    INFO] Analyzing CORTEX architecture...
2025-12-24 07:59:25 [    INFO] Running AGGRESSIVE hardcoded data scan...
2025-12-24 07:59:25 [   ERROR] Error during hardcoded data scan: BaseOperationModule.__init__() got an unexpected keyword argument 'project_root'
2025-12-24 07:59:25 [    INFO] Running CORTEX admin optimizer for code quality metrics...
2025-12-24 07:59:26 [ WARNING] CORTEX optimizer failed (exit code 1), using fallback analysis
2025-12-24 07:59:26 [    INFO] Issues identified: 3
2025-12-24 07:59:26 [    INFO] 
[Phase 4] Generating optimization plan...
2025-12-24 07:59:26 [    INFO] Generating optimization plan...
2025-12-24 07:59:26 [    INFO] Generated 2 optimization actions
2025-12-24 07:59:26 [    INFO]   Critical: 1
2025-12-24 07:59:26 [    INFO]   High: 0
2025-12-24 07:59:26 [    INFO]   Medium: 1
2025-12-24 07:59:26 [    INFO]   Low: 0
2025-12-24 07:59:26 [    INFO] 
[Phase 5] Executing optimizations...
2025-12-24 07:59:26 [    INFO] Executing optimizations...
2025-12-24 07:59:26 [    INFO] [CRITICAL] Create/restore brain_protection
warning: in the working copy of 'test_output.txt', CRLF will be replaced by LF the next time Git touches it
2025-12-24 07:59:26 [    INFO] Committed: 94b2e2ce - [OPTIMIZATION/CRITICAL] Create/restore brain_protection
2025-12-24 07:59:26 [    INFO] [MEDIUM] Implement operations
